#! /gaia/home/faculty/changw/ivl/bin/vvp
:ivl_version "0.9.6 " "(v0_9_6)";
:vpi_time_precision + 0;
:vpi_module "system";
:vpi_module "v2005_math";
:vpi_module "va_math";
S_0x1b1cc10 .scope module, "TestMod" "TestMod" 2 4;
 .timescale 0 0;
P_0x1b1d688 .param/l "STDIN" 2 5, C4<10000000000000000000000000000000>;
v0x1b4d3c0_0 .var "ascii", 6 0;
v0x1b4d440_0 .var "clk", 0 0;
v0x1b4af20_0 .net "match", 0 0, L_0x1b50380; 1 drivers
v0x1b4d5d0 .array "str", 4 1, 6 0;
S_0x1b1bd80 .scope module, "my_recognizer" "RecognizerMod" 2 34, 2 37, S_0x1b1cc10;
 .timescale 0 0;
L_0x1b4bce0 .functor NOR 1, L_0x1b4def0, L_0x1b4e030, L_0x1b4e180, C4<0>;
L_0x1b4e120 .functor AND 1, L_0x1b4e3a0, L_0x1b4e4e0, L_0x1b4e650, C4<1>;
L_0x1b4e900 .functor AND 1, L_0x1b4e960, L_0x1b4eaa0, L_0x1b4ec30, C4<1>;
L_0x1b4eb90 .functor NOR 1, L_0x1b4ef40, L_0x1b4f030, L_0x1b4ee90, C4<0>;
L_0x1b4f120 .functor NOR 1, L_0x1b4f430, L_0x1b4f520, L_0x1b4f360, C4<0>;
L_0x1b4f7d0 .functor NOT 1, L_0x1b4f830, C4<0>, C4<0>, C4<0>;
L_0x1b4fa10 .functor AND 1, L_0x1b4f7d0, L_0x1b4fb10, L_0x1b4f920, C4<1>;
L_0x1b4fd90 .functor NOT 1, L_0x1b4fdf0, C4<0>, C4<0>, C4<0>;
L_0x1b4fca0 .functor AND 1, L_0x1b500e0, L_0x1b4fd90, L_0x1b4ff30, C4<1>;
L_0x1b50380/0/0 .functor AND 1, L_0x1b50490, L_0x1b501d0, L_0x1b50770, L_0x1b50640;
L_0x1b50380/0/4 .functor AND 1, L_0x1b50950, L_0x1b50810, L_0x1b50b90, C4<1>;
L_0x1b50380 .functor AND 1, L_0x1b50380/0/0, L_0x1b50380/0/4, C4<1>, C4<1>;
v0x1b4b5f0 .array "Q", 6 0;
v0x1b4b5f0_0 .net v0x1b4b5f0 0, 0 2, v0x1b4a380_0; 1 drivers
v0x1b4b5f0_1 .net v0x1b4b5f0 1, 0 2, v0x1b4a680_0; 1 drivers
v0x1b4b5f0_2 .net v0x1b4b5f0 2, 0 2, v0x1b4a980_0; 1 drivers
v0x1b4b5f0_3 .net v0x1b4b5f0 3, 0 2, v0x1b4ac50_0; 1 drivers
v0x1b4b5f0_4 .net v0x1b4b5f0 4, 0 2, v0x1b4afb0_0; 1 drivers
v0x1b4b5f0_5 .net v0x1b4b5f0 5, 0 2, v0x1b4b280_0; 1 drivers
v0x1b4b5f0_6 .net v0x1b4b5f0 6, 0 2, v0x1b4b550_0; 1 drivers
v0x1b4b7f0_0 .net *"_s103", 0 0, L_0x1b500e0; 1 drivers
v0x1b4b870_0 .net *"_s106", 0 0, L_0x1b4ff30; 1 drivers
v0x1b4b8f0_0 .net *"_s109", 0 0, L_0x1b50490; 1 drivers
v0x1b4b9a0_0 .net *"_s111", 0 0, L_0x1b501d0; 1 drivers
v0x1b4ba20_0 .net *"_s113", 0 0, L_0x1b50770; 1 drivers
v0x1b4bae0_0 .net *"_s115", 0 0, L_0x1b50640; 1 drivers
v0x1b4bb60_0 .net *"_s117", 0 0, L_0x1b50950; 1 drivers
v0x1b4bbe0_0 .net *"_s119", 0 0, L_0x1b50810; 1 drivers
v0x1b4bc60_0 .net *"_s121", 0 0, L_0x1b50b90; 1 drivers
v0x1b4bd60_0 .net *"_s22", 0 0, L_0x1b4bce0; 1 drivers
v0x1b4be00_0 .net *"_s26", 0 0, L_0x1b4def0; 1 drivers
v0x1b4bf10_0 .net *"_s29", 0 0, L_0x1b4e030; 1 drivers
v0x1b4bfb0_0 .net *"_s32", 0 0, L_0x1b4e180; 1 drivers
v0x1b4c0d0_0 .net *"_s34", 0 0, L_0x1b4e120; 1 drivers
v0x1b4c170_0 .net *"_s38", 0 0, L_0x1b4e3a0; 1 drivers
v0x1b4c030_0 .net *"_s41", 0 0, L_0x1b4e4e0; 1 drivers
v0x1b4c2c0_0 .net *"_s44", 0 0, L_0x1b4e650; 1 drivers
v0x1b4c3e0_0 .net *"_s46", 0 0, L_0x1b4e900; 1 drivers
v0x1b4c460_0 .net *"_s50", 0 0, L_0x1b4e960; 1 drivers
v0x1b4c340_0 .net *"_s53", 0 0, L_0x1b4eaa0; 1 drivers
v0x1b4c590_0 .net *"_s56", 0 0, L_0x1b4ec30; 1 drivers
v0x1b4c4e0_0 .net *"_s58", 0 0, L_0x1b4eb90; 1 drivers
v0x1b4c6d0_0 .net *"_s62", 0 0, L_0x1b4ef40; 1 drivers
v0x1b4c630_0 .net *"_s65", 0 0, L_0x1b4f030; 1 drivers
v0x1b4c820_0 .net *"_s68", 0 0, L_0x1b4ee90; 1 drivers
v0x1b4c770_0 .net *"_s70", 0 0, L_0x1b4f120; 1 drivers
v0x1b4c980_0 .net *"_s74", 0 0, L_0x1b4f430; 1 drivers
v0x1b4c8c0_0 .net *"_s77", 0 0, L_0x1b4f520; 1 drivers
v0x1b4caf0_0 .net *"_s80", 0 0, L_0x1b4f360; 1 drivers
v0x1b4ca00_0 .net *"_s84", 0 0, L_0x1b4f830; 1 drivers
v0x1b4cc70_0 .net *"_s86", 0 0, L_0x1b4fa10; 1 drivers
v0x1b4cb70_0 .net *"_s90", 0 0, L_0x1b4fb10; 1 drivers
v0x1b4ce00_0 .net *"_s93", 0 0, L_0x1b4f920; 1 drivers
v0x1b4ccf0_0 .net *"_s97", 0 0, L_0x1b4fdf0; 1 drivers
v0x1b4cfa0_0 .net *"_s99", 0 0, L_0x1b4fca0; 1 drivers
v0x1b4ce80_0 .net "ascii", 6 0, v0x1b4d3c0_0; 1 drivers
v0x1b4cf20_0 .net "clk", 0 0, v0x1b4d440_0; 1 drivers
v0x1b4d160_0 .net "invQ01", 0 0, L_0x1b4fd90; 1 drivers
v0x1b4d1e0_0 .net "invQ12", 0 0, L_0x1b4f7d0; 1 drivers
v0x1b4d020_0 .alias "match", 0 0, v0x1b4af20_0;
RS_0x7f68df122a38/0/0 .resolv tri, L_0x1b4dda0, L_0x1b4e2b0, L_0x1b4e7d0, L_0x1b4ed60;
RS_0x7f68df122a38/0/4 .resolv tri, L_0x1b4f2c0, L_0x1b4f610, L_0x1b4fc00, C4<zzzzzzz>;
RS_0x7f68df122a38 .resolv tri, RS_0x7f68df122a38/0/0, RS_0x7f68df122a38/0/4, C4<zzzzzzz>, C4<zzzzzzz>;
v0x1b4d0c0_0 .net8 "matches", 6 0, RS_0x7f68df122a38; 7 drivers
L_0x1b4d680 .part v0x1b4d3c0_0, 6, 1;
L_0x1b4d750 .part v0x1b4d3c0_0, 5, 1;
L_0x1b4d7f0 .part v0x1b4d3c0_0, 4, 1;
L_0x1b4d950 .part v0x1b4d3c0_0, 3, 1;
L_0x1b4da50 .part v0x1b4d3c0_0, 2, 1;
L_0x1b4db20 .part v0x1b4d3c0_0, 1, 1;
L_0x1b4dbf0 .part v0x1b4d3c0_0, 0, 1;
L_0x1b4dda0 .part/pv L_0x1b4bce0, 6, 1, 7;
L_0x1b4def0 .part v0x1b4b550_0, 0, 1;
L_0x1b4e030 .part v0x1b4b550_0, 1, 1;
L_0x1b4e180 .part v0x1b4b550_0, 2, 1;
L_0x1b4e2b0 .part/pv L_0x1b4e120, 5, 1, 7;
L_0x1b4e3a0 .part v0x1b4b280_0, 0, 1;
L_0x1b4e4e0 .part v0x1b4b280_0, 1, 1;
L_0x1b4e650 .part v0x1b4b280_0, 2, 1;
L_0x1b4e7d0 .part/pv L_0x1b4e900, 4, 1, 7;
L_0x1b4e960 .part v0x1b4afb0_0, 0, 1;
L_0x1b4eaa0 .part v0x1b4afb0_0, 1, 1;
L_0x1b4ec30 .part v0x1b4afb0_0, 2, 1;
L_0x1b4ed60 .part/pv L_0x1b4eb90, 3, 1, 7;
L_0x1b4ef40 .part v0x1b4ac50_0, 0, 1;
L_0x1b4f030 .part v0x1b4ac50_0, 1, 1;
L_0x1b4ee90 .part v0x1b4ac50_0, 2, 1;
L_0x1b4f2c0 .part/pv L_0x1b4f120, 2, 1, 7;
L_0x1b4f430 .part v0x1b4a980_0, 0, 1;
L_0x1b4f520 .part v0x1b4a980_0, 1, 1;
L_0x1b4f360 .part v0x1b4a980_0, 2, 1;
L_0x1b4f830 .part v0x1b4a680_0, 0, 1;
L_0x1b4f610 .part/pv L_0x1b4fa10, 1, 1, 7;
L_0x1b4fb10 .part v0x1b4a680_0, 1, 1;
L_0x1b4f920 .part v0x1b4a680_0, 2, 1;
L_0x1b4fdf0 .part v0x1b4a380_0, 1, 1;
L_0x1b4fc00 .part/pv L_0x1b4fca0, 0, 1, 7;
L_0x1b500e0 .part v0x1b4a380_0, 0, 1;
L_0x1b4ff30 .part v0x1b4a380_0, 2, 1;
L_0x1b50490 .part RS_0x7f68df122a38, 6, 1;
L_0x1b501d0 .part RS_0x7f68df122a38, 5, 1;
L_0x1b50770 .part RS_0x7f68df122a38, 4, 1;
L_0x1b50640 .part RS_0x7f68df122a38, 3, 1;
L_0x1b50950 .part RS_0x7f68df122a38, 2, 1;
L_0x1b50810 .part RS_0x7f68df122a38, 1, 1;
L_0x1b50b90 .part RS_0x7f68df122a38, 0, 1;
S_0x1b4b320 .scope module, "Ripple6" "RippleMod" 2 53, 2 79, S_0x1b1bd80;
 .timescale 0 0;
v0x1b4b410_0 .net "ascii_bit", 0 0, L_0x1b4d680; 1 drivers
v0x1b4b4d0_0 .alias "clk", 0 0, v0x1b4cf20_0;
v0x1b4b550_0 .var "q", 0 2;
S_0x1b4b050 .scope module, "Ripple5" "RippleMod" 2 54, 2 79, S_0x1b1bd80;
 .timescale 0 0;
v0x1b4b140_0 .net "ascii_bit", 0 0, L_0x1b4d750; 1 drivers
v0x1b4b200_0 .alias "clk", 0 0, v0x1b4cf20_0;
v0x1b4b280_0 .var "q", 0 2;
S_0x1b4acf0 .scope module, "Ripple4" "RippleMod" 2 55, 2 79, S_0x1b1bd80;
 .timescale 0 0;
v0x1b4ade0_0 .net "ascii_bit", 0 0, L_0x1b4d7f0; 1 drivers
v0x1b4aea0_0 .alias "clk", 0 0, v0x1b4cf20_0;
v0x1b4afb0_0 .var "q", 0 2;
S_0x1b4aa20 .scope module, "Ripple3" "RippleMod" 2 56, 2 79, S_0x1b1bd80;
 .timescale 0 0;
v0x1b4ab10_0 .net "ascii_bit", 0 0, L_0x1b4d950; 1 drivers
v0x1b4abd0_0 .alias "clk", 0 0, v0x1b4cf20_0;
v0x1b4ac50_0 .var "q", 0 2;
S_0x1b4a700 .scope module, "Ripple2" "RippleMod" 2 57, 2 79, S_0x1b1bd80;
 .timescale 0 0;
v0x1b4a7f0_0 .net "ascii_bit", 0 0, L_0x1b4da50; 1 drivers
v0x1b4a8b0_0 .alias "clk", 0 0, v0x1b4cf20_0;
v0x1b4a980_0 .var "q", 0 2;
S_0x1b4a420 .scope module, "Ripple1" "RippleMod" 2 58, 2 79, S_0x1b1bd80;
 .timescale 0 0;
v0x1b4a510_0 .net "ascii_bit", 0 0, L_0x1b4db20; 1 drivers
v0x1b4a5d0_0 .alias "clk", 0 0, v0x1b4cf20_0;
v0x1b4a680_0 .var "q", 0 2;
S_0x1b1b900 .scope module, "Ripple0" "RippleMod" 2 59, 2 79, S_0x1b1bd80;
 .timescale 0 0;
v0x1b14390_0 .net "ascii_bit", 0 0, L_0x1b4dbf0; 1 drivers
v0x1b4a2e0_0 .alias "clk", 0 0, v0x1b4cf20_0;
v0x1b4a380_0 .var "q", 0 2;
E_0x1b10eb0 .event posedge, v0x1b4a2e0_0;
    .scope S_0x1b4b320;
T_0 ;
    %wait E_0x1b10eb0;
    %load/v 8, v0x1b4b410_0, 1;
    %ix/load 0, 1, 0;
    %ix/load 1, 2, 0;
    %assign/v0/x1 v0x1b4b550_0, 0, 8;
    %ix/load 1, 2, 0;
    %mov 4, 0, 1;
    %jmp/1 T_0.0, 4;
    %load/x1p 8, v0x1b4b550_0, 1;
    %jmp T_0.1;
T_0.0 ;
    %mov 8, 2, 1;
T_0.1 ;
; Save base=8 wid=1 in lookaside.
    %ix/load 0, 1, 0;
    %ix/load 1, 1, 0;
    %assign/v0/x1 v0x1b4b550_0, 0, 8;
    %ix/load 1, 1, 0;
    %mov 4, 0, 1;
    %jmp/1 T_0.2, 4;
    %load/x1p 8, v0x1b4b550_0, 1;
    %jmp T_0.3;
T_0.2 ;
    %mov 8, 2, 1;
T_0.3 ;
; Save base=8 wid=1 in lookaside.
    %ix/load 0, 1, 0;
    %ix/load 1, 0, 0;
    %assign/v0/x1 v0x1b4b550_0, 0, 8;
    %jmp T_0;
    .thread T_0;
    .scope S_0x1b4b320;
T_1 ;
    %set/v v0x1b4b550_0, 0, 3;
    %end;
    .thread T_1;
    .scope S_0x1b4b050;
T_2 ;
    %wait E_0x1b10eb0;
    %load/v 8, v0x1b4b140_0, 1;
    %ix/load 0, 1, 0;
    %ix/load 1, 2, 0;
    %assign/v0/x1 v0x1b4b280_0, 0, 8;
    %ix/load 1, 2, 0;
    %mov 4, 0, 1;
    %jmp/1 T_2.0, 4;
    %load/x1p 8, v0x1b4b280_0, 1;
    %jmp T_2.1;
T_2.0 ;
    %mov 8, 2, 1;
T_2.1 ;
; Save base=8 wid=1 in lookaside.
    %ix/load 0, 1, 0;
    %ix/load 1, 1, 0;
    %assign/v0/x1 v0x1b4b280_0, 0, 8;
    %ix/load 1, 1, 0;
    %mov 4, 0, 1;
    %jmp/1 T_2.2, 4;
    %load/x1p 8, v0x1b4b280_0, 1;
    %jmp T_2.3;
T_2.2 ;
    %mov 8, 2, 1;
T_2.3 ;
; Save base=8 wid=1 in lookaside.
    %ix/load 0, 1, 0;
    %ix/load 1, 0, 0;
    %assign/v0/x1 v0x1b4b280_0, 0, 8;
    %jmp T_2;
    .thread T_2;
    .scope S_0x1b4b050;
T_3 ;
    %set/v v0x1b4b280_0, 0, 3;
    %end;
    .thread T_3;
    .scope S_0x1b4acf0;
T_4 ;
    %wait E_0x1b10eb0;
    %load/v 8, v0x1b4ade0_0, 1;
    %ix/load 0, 1, 0;
    %ix/load 1, 2, 0;
    %assign/v0/x1 v0x1b4afb0_0, 0, 8;
    %ix/load 1, 2, 0;
    %mov 4, 0, 1;
    %jmp/1 T_4.0, 4;
    %load/x1p 8, v0x1b4afb0_0, 1;
    %jmp T_4.1;
T_4.0 ;
    %mov 8, 2, 1;
T_4.1 ;
; Save base=8 wid=1 in lookaside.
    %ix/load 0, 1, 0;
    %ix/load 1, 1, 0;
    %assign/v0/x1 v0x1b4afb0_0, 0, 8;
    %ix/load 1, 1, 0;
    %mov 4, 0, 1;
    %jmp/1 T_4.2, 4;
    %load/x1p 8, v0x1b4afb0_0, 1;
    %jmp T_4.3;
T_4.2 ;
    %mov 8, 2, 1;
T_4.3 ;
; Save base=8 wid=1 in lookaside.
    %ix/load 0, 1, 0;
    %ix/load 1, 0, 0;
    %assign/v0/x1 v0x1b4afb0_0, 0, 8;
    %jmp T_4;
    .thread T_4;
    .scope S_0x1b4acf0;
T_5 ;
    %set/v v0x1b4afb0_0, 0, 3;
    %end;
    .thread T_5;
    .scope S_0x1b4aa20;
T_6 ;
    %wait E_0x1b10eb0;
    %load/v 8, v0x1b4ab10_0, 1;
    %ix/load 0, 1, 0;
    %ix/load 1, 2, 0;
    %assign/v0/x1 v0x1b4ac50_0, 0, 8;
    %ix/load 1, 2, 0;
    %mov 4, 0, 1;
    %jmp/1 T_6.0, 4;
    %load/x1p 8, v0x1b4ac50_0, 1;
    %jmp T_6.1;
T_6.0 ;
    %mov 8, 2, 1;
T_6.1 ;
; Save base=8 wid=1 in lookaside.
    %ix/load 0, 1, 0;
    %ix/load 1, 1, 0;
    %assign/v0/x1 v0x1b4ac50_0, 0, 8;
    %ix/load 1, 1, 0;
    %mov 4, 0, 1;
    %jmp/1 T_6.2, 4;
    %load/x1p 8, v0x1b4ac50_0, 1;
    %jmp T_6.3;
T_6.2 ;
    %mov 8, 2, 1;
T_6.3 ;
; Save base=8 wid=1 in lookaside.
    %ix/load 0, 1, 0;
    %ix/load 1, 0, 0;
    %assign/v0/x1 v0x1b4ac50_0, 0, 8;
    %jmp T_6;
    .thread T_6;
    .scope S_0x1b4aa20;
T_7 ;
    %set/v v0x1b4ac50_0, 0, 3;
    %end;
    .thread T_7;
    .scope S_0x1b4a700;
T_8 ;
    %wait E_0x1b10eb0;
    %load/v 8, v0x1b4a7f0_0, 1;
    %ix/load 0, 1, 0;
    %ix/load 1, 2, 0;
    %assign/v0/x1 v0x1b4a980_0, 0, 8;
    %ix/load 1, 2, 0;
    %mov 4, 0, 1;
    %jmp/1 T_8.0, 4;
    %load/x1p 8, v0x1b4a980_0, 1;
    %jmp T_8.1;
T_8.0 ;
    %mov 8, 2, 1;
T_8.1 ;
; Save base=8 wid=1 in lookaside.
    %ix/load 0, 1, 0;
    %ix/load 1, 1, 0;
    %assign/v0/x1 v0x1b4a980_0, 0, 8;
    %ix/load 1, 1, 0;
    %mov 4, 0, 1;
    %jmp/1 T_8.2, 4;
    %load/x1p 8, v0x1b4a980_0, 1;
    %jmp T_8.3;
T_8.2 ;
    %mov 8, 2, 1;
T_8.3 ;
; Save base=8 wid=1 in lookaside.
    %ix/load 0, 1, 0;
    %ix/load 1, 0, 0;
    %assign/v0/x1 v0x1b4a980_0, 0, 8;
    %jmp T_8;
    .thread T_8;
    .scope S_0x1b4a700;
T_9 ;
    %set/v v0x1b4a980_0, 0, 3;
    %end;
    .thread T_9;
    .scope S_0x1b4a420;
T_10 ;
    %wait E_0x1b10eb0;
    %load/v 8, v0x1b4a510_0, 1;
    %ix/load 0, 1, 0;
    %ix/load 1, 2, 0;
    %assign/v0/x1 v0x1b4a680_0, 0, 8;
    %ix/load 1, 2, 0;
    %mov 4, 0, 1;
    %jmp/1 T_10.0, 4;
    %load/x1p 8, v0x1b4a680_0, 1;
    %jmp T_10.1;
T_10.0 ;
    %mov 8, 2, 1;
T_10.1 ;
; Save base=8 wid=1 in lookaside.
    %ix/load 0, 1, 0;
    %ix/load 1, 1, 0;
    %assign/v0/x1 v0x1b4a680_0, 0, 8;
    %ix/load 1, 1, 0;
    %mov 4, 0, 1;
    %jmp/1 T_10.2, 4;
    %load/x1p 8, v0x1b4a680_0, 1;
    %jmp T_10.3;
T_10.2 ;
    %mov 8, 2, 1;
T_10.3 ;
; Save base=8 wid=1 in lookaside.
    %ix/load 0, 1, 0;
    %ix/load 1, 0, 0;
    %assign/v0/x1 v0x1b4a680_0, 0, 8;
    %jmp T_10;
    .thread T_10;
    .scope S_0x1b4a420;
T_11 ;
    %set/v v0x1b4a680_0, 0, 3;
    %end;
    .thread T_11;
    .scope S_0x1b1b900;
T_12 ;
    %wait E_0x1b10eb0;
    %load/v 8, v0x1b14390_0, 1;
    %ix/load 0, 1, 0;
    %ix/load 1, 2, 0;
    %assign/v0/x1 v0x1b4a380_0, 0, 8;
    %ix/load 1, 2, 0;
    %mov 4, 0, 1;
    %jmp/1 T_12.0, 4;
    %load/x1p 8, v0x1b4a380_0, 1;
    %jmp T_12.1;
T_12.0 ;
    %mov 8, 2, 1;
T_12.1 ;
; Save base=8 wid=1 in lookaside.
    %ix/load 0, 1, 0;
    %ix/load 1, 1, 0;
    %assign/v0/x1 v0x1b4a380_0, 0, 8;
    %ix/load 1, 1, 0;
    %mov 4, 0, 1;
    %jmp/1 T_12.2, 4;
    %load/x1p 8, v0x1b4a380_0, 1;
    %jmp T_12.3;
T_12.2 ;
    %mov 8, 2, 1;
T_12.3 ;
; Save base=8 wid=1 in lookaside.
    %ix/load 0, 1, 0;
    %ix/load 1, 0, 0;
    %assign/v0/x1 v0x1b4a380_0, 0, 8;
    %jmp T_12;
    .thread T_12;
    .scope S_0x1b1b900;
T_13 ;
    %set/v v0x1b4a380_0, 0, 3;
    %end;
    .thread T_13;
    .scope S_0x1b1cc10;
T_14 ;
    %vpi_call 2 13 "$display", "Enter the the magic sequence: ";
    %vpi_func 2 14 "$fgetc", 8, 32, P_0x1b1d688;
   %ix/load 1, 0, 0;
   %ix/load 3, 0, 0;
   %set/av v0x1b4d5d0, 8, 7;
    %vpi_func 2 15 "$fgetc", 8, 32, P_0x1b1d688;
   %ix/load 1, 0, 0;
   %ix/load 3, 1, 0;
   %set/av v0x1b4d5d0, 8, 7;
    %vpi_func 2 16 "$fgetc", 8, 32, P_0x1b1d688;
   %ix/load 1, 0, 0;
   %ix/load 3, 2, 0;
   %set/av v0x1b4d5d0, 8, 7;
    %vpi_func 2 17 "$fgetc", 8, 32, P_0x1b1d688;
   %ix/load 1, 0, 0;
   %ix/load 3, 3, 0;
   %set/av v0x1b4d5d0, 8, 7;
    %vpi_call 2 19 "$display", "Time clk    ascii       match";
    %vpi_call 2 20 "$monitor", "%4d   %b    %c %b   %b", $time, v0x1b4d440_0, v0x1b4d3c0_0, v0x1b4d3c0_0, v0x1b4af20_0;
    %set/v v0x1b4d440_0, 0, 1;
    %ix/load 3, 0, 0;
    %mov 4, 0, 1;
    %load/av 8, v0x1b4d5d0, 7;
    %set/v v0x1b4d3c0_0, 8, 7;
    %delay 1, 0;
    %set/v v0x1b4d440_0, 1, 1;
    %delay 1, 0;
    %set/v v0x1b4d440_0, 0, 1;
    %ix/load 3, 1, 0;
    %mov 4, 0, 1;
    %load/av 8, v0x1b4d5d0, 7;
    %set/v v0x1b4d3c0_0, 8, 7;
    %delay 1, 0;
    %set/v v0x1b4d440_0, 1, 1;
    %delay 1, 0;
    %set/v v0x1b4d440_0, 0, 1;
    %ix/load 3, 2, 0;
    %mov 4, 0, 1;
    %load/av 8, v0x1b4d5d0, 7;
    %set/v v0x1b4d3c0_0, 8, 7;
    %delay 1, 0;
    %set/v v0x1b4d440_0, 1, 1;
    %delay 1, 0;
    %set/v v0x1b4d440_0, 0, 1;
    %end;
    .thread T_14;
# The file index is used to find the file name in the following table.
:file_names 3;
    "N/A";
    "<interactive>";
    "123-recog.v";
