#! /gaia/home/faculty/changw/ivl/bin/vvp
:ivl_version "0.9.6 " "(v0_9_6)";
:vpi_time_precision + 0;
:vpi_module "system";
:vpi_module "v2005_math";
:vpi_module "va_math";
S_0x16fe850 .scope module, "TestMod" "TestMod" 2 4;
 .timescale 0 0;
P_0x16fe968 .param/l "STDIN" 2 5, C4<10000000000000000000000000000000>;
v0x1758f10_0 .var "CLK", 0 0;
v0x1755c70_0 .var "ascii", 6 0;
v0x17590c0_0 .net "match", 0 0, L_0x175d0d0; 1 drivers
v0x1759170 .array "str", 6 1, 6 0;
S_0x171e800 .scope module, "my_recognizer" "RecognizerMod" 2 12, 2 45, S_0x16fe850;
 .timescale 0 0;
L_0x1756ad0 .functor NOT 1, L_0x1759940, C4<0>, C4<0>, C4<0>;
L_0x1759b20/0/0 .functor AND 1, L_0x1759c80, L_0x1759dd0, L_0x1759f00, L_0x1759fa0;
L_0x1759b20/0/4 .functor AND 1, L_0x1756ad0, C4<1>, C4<1>, C4<1>;
L_0x1759b20 .functor AND 1, L_0x1759b20/0/0, L_0x1759b20/0/4, C4<1>, C4<1>;
L_0x1759d70 .functor NOT 1, L_0x175a090, C4<0>, C4<0>, C4<0>;
L_0x175a250 .functor NOT 1, L_0x175a2b0, C4<0>, C4<0>, C4<0>;
L_0x175a520/0/0 .functor OR 1, L_0x1759d70, L_0x175a6b0, L_0x175a830, L_0x175a970;
L_0x175a520/0/4 .functor OR 1, L_0x175a250, C4<0>, C4<0>, C4<0>;
L_0x175a520 .functor NOR 1, L_0x175a520/0/0, L_0x175a520/0/4, C4<0>, C4<0>;
L_0x175aa10 .functor NOT 1, L_0x175aa70, C4<0>, C4<0>, C4<0>;
L_0x175a8d0 .functor NOT 1, L_0x175ac60, C4<0>, C4<0>, C4<0>;
L_0x175abb0/0/0 .functor OR 1, L_0x175afa0, L_0x175b120, L_0x175aa10, L_0x175a8d0;
L_0x175abb0/0/4 .functor OR 1, L_0x175adf0, C4<0>, C4<0>, C4<0>;
L_0x175abb0 .functor NOR 1, L_0x175abb0/0/0, L_0x175abb0/0/4, C4<0>, C4<0>;
L_0x175b2e0 .functor NOT 1, L_0x175b340, C4<0>, C4<0>, C4<0>;
L_0x175b1c0 .functor NOT 1, L_0x175b560, C4<0>, C4<0>, C4<0>;
L_0x175b480/0/0 .functor OR 1, L_0x175b2e0, L_0x175b870, L_0x175b1c0, L_0x175b9f0;
L_0x175b480/0/4 .functor OR 1, L_0x175b730, C4<0>, C4<0>, C4<0>;
L_0x175b480 .functor NOR 1, L_0x175b480/0/0, L_0x175b480/0/4, C4<0>, C4<0>;
L_0x175bb90 .functor NOT 1, L_0x175bbf0, C4<0>, C4<0>, C4<0>;
L_0x175bb30/0/0 .functor OR 1, L_0x175bf20, L_0x175bd30, L_0x175c1c0, L_0x175c010;
L_0x175bb30/0/4 .functor OR 1, L_0x175bb90, C4<0>, C4<0>, C4<0>;
L_0x175bb30 .functor NOR 1, L_0x175bb30/0/0, L_0x175bb30/0/4, C4<0>, C4<0>;
L_0x175c390 .functor NOT 1, L_0x175c3f0, C4<0>, C4<0>, C4<0>;
L_0x175c300/0/0 .functor AND 1, L_0x175c390, L_0x175c750, L_0x175c530, L_0x175ca20;
L_0x175c300/0/4 .functor AND 1, L_0x175c840, C4<1>, C4<1>, C4<1>;
L_0x175c300 .functor AND 1, L_0x175c300/0/0, L_0x175c300/0/4, C4<1>, C4<1>;
L_0x175cc30/0/0 .functor AND 1, L_0x175cdb0, L_0x175cef0, L_0x175cac0, L_0x175d1f0;
L_0x175cc30/0/4 .functor AND 1, L_0x175cfe0, C4<1>, C4<1>, C4<1>;
L_0x175cc30 .functor AND 1, L_0x175cc30/0/0, L_0x175cc30/0/4, C4<1>, C4<1>;
L_0x175d0d0/0/0 .functor AND 1, L_0x175d470, L_0x175d290, L_0x175d380, L_0x175d820;
L_0x175d0d0/0/4 .functor AND 1, L_0x175d910, L_0x175d670, L_0x175d760, C4<1>;
L_0x175d0d0 .functor AND 1, L_0x175d0d0/0/0, L_0x175d0d0/0/4, C4<1>, C4<1>;
v0x17563e0_0 .net "CLK", 0 0, v0x1758f10_0; 1 drivers
v0x1756480 .array "Q", 6 0;
v0x1756480_0 .net v0x1756480 0, 0 4, v0x1756340_0; 1 drivers
v0x1756480_1 .net v0x1756480 1, 0 4, v0x1756070_0; 1 drivers
v0x1756480_2 .net v0x1756480 2, 0 4, v0x1755da0_0; 1 drivers
v0x1756480_3 .net v0x1756480 3, 0 4, v0x1755a40_0; 1 drivers
v0x1756480_4 .net v0x1756480 4, 0 4, v0x1755770_0; 1 drivers
v0x1756480_5 .net v0x1756480 5, 0 4, v0x1755450_0; 1 drivers
v0x1756480_6 .net v0x1756480 6, 0 4, v0x1755170_0; 1 drivers
v0x1756660_0 .net *"_s103", 0 0, L_0x175bbf0; 1 drivers
v0x17566e0_0 .net *"_s105", 0 0, L_0x175bb30; 1 drivers
v0x1756790_0 .net *"_s109", 0 0, L_0x175bf20; 1 drivers
v0x1756810_0 .net *"_s112", 0 0, L_0x175bd30; 1 drivers
v0x17568d0_0 .net *"_s115", 0 0, L_0x175c1c0; 1 drivers
v0x1756950_0 .net *"_s118", 0 0, L_0x175c010; 1 drivers
v0x17569d0_0 .net *"_s122", 0 0, L_0x175c3f0; 1 drivers
v0x1756a50_0 .net *"_s124", 0 0, L_0x175c300; 1 drivers
v0x1756b30_0 .net *"_s128", 0 0, L_0x175c750; 1 drivers
v0x1756bd0_0 .net *"_s131", 0 0, L_0x175c530; 1 drivers
v0x1756ce0_0 .net *"_s134", 0 0, L_0x175ca20; 1 drivers
v0x1756d80_0 .net *"_s137", 0 0, L_0x175c840; 1 drivers
v0x1756ea0_0 .net *"_s139", 0 0, L_0x175cc30; 1 drivers
v0x1756f40_0 .net *"_s143", 0 0, L_0x175cdb0; 1 drivers
v0x1756e00_0 .net *"_s146", 0 0, L_0x175cef0; 1 drivers
v0x1757090_0 .net *"_s149", 0 0, L_0x175cac0; 1 drivers
v0x17571b0_0 .net *"_s152", 0 0, L_0x175d1f0; 1 drivers
v0x1757230_0 .net *"_s155", 0 0, L_0x175cfe0; 1 drivers
v0x1757110_0 .net *"_s158", 0 0, L_0x175d470; 1 drivers
v0x1757360_0 .net *"_s160", 0 0, L_0x175d290; 1 drivers
v0x17572b0_0 .net *"_s162", 0 0, L_0x175d380; 1 drivers
v0x17574a0_0 .net *"_s164", 0 0, L_0x175d820; 1 drivers
v0x1757400_0 .net *"_s166", 0 0, L_0x175d910; 1 drivers
v0x17575f0_0 .net *"_s168", 0 0, L_0x175d670; 1 drivers
v0x1757540_0 .net *"_s170", 0 0, L_0x175d760; 1 drivers
v0x1757750_0 .net *"_s24", 0 0, L_0x1759940; 1 drivers
v0x1757690_0 .net *"_s26", 0 0, L_0x1759b20; 1 drivers
v0x17578c0_0 .net *"_s30", 0 0, L_0x1759c80; 1 drivers
v0x17577d0_0 .net *"_s33", 0 0, L_0x1759dd0; 1 drivers
v0x1757a40_0 .net *"_s36", 0 0, L_0x1759f00; 1 drivers
v0x1757940_0 .net *"_s39", 0 0, L_0x1759fa0; 1 drivers
v0x1757bd0_0 .net *"_s43", 0 0, L_0x175a090; 1 drivers
v0x1757ac0_0 .net *"_s47", 0 0, L_0x175a2b0; 1 drivers
v0x1757d70_0 .net *"_s49", 0 0, L_0x175a520; 1 drivers
v0x1757c50_0 .net *"_s53", 0 0, L_0x175a6b0; 1 drivers
v0x1757cf0_0 .net *"_s56", 0 0, L_0x175a830; 1 drivers
v0x1757f30_0 .net *"_s59", 0 0, L_0x175a970; 1 drivers
v0x1757fb0_0 .net *"_s63", 0 0, L_0x175aa70; 1 drivers
v0x1757df0_0 .net *"_s67", 0 0, L_0x175ac60; 1 drivers
v0x1757e90_0 .net *"_s69", 0 0, L_0x175abb0; 1 drivers
v0x1758190_0 .net *"_s73", 0 0, L_0x175afa0; 1 drivers
v0x1758210_0 .net *"_s76", 0 0, L_0x175b120; 1 drivers
v0x1758030_0 .net *"_s79", 0 0, L_0x175adf0; 1 drivers
v0x17580d0_0 .net *"_s83", 0 0, L_0x175b340; 1 drivers
v0x1758410_0 .net *"_s87", 0 0, L_0x175b560; 1 drivers
v0x1758490_0 .net *"_s89", 0 0, L_0x175b480; 1 drivers
v0x17582b0_0 .net *"_s93", 0 0, L_0x175b870; 1 drivers
v0x1758350_0 .net *"_s96", 0 0, L_0x175b9f0; 1 drivers
v0x17586b0_0 .net *"_s99", 0 0, L_0x175b730; 1 drivers
v0x1758730_0 .net "ascii", 6 0, v0x1755c70_0; 1 drivers
v0x1758530_0 .net "inv14", 0 0, L_0x175c390; 1 drivers
v0x17585d0_0 .net "inv20", 0 0, L_0x175bb90; 1 drivers
v0x1758970_0 .net "inv32", 0 0, L_0x175b1c0; 1 drivers
v0x17589f0_0 .net "inv34", 0 0, L_0x175b2e0; 1 drivers
v0x17587b0_0 .net "inv41", 0 0, L_0x175a8d0; 1 drivers
v0x1758850_0 .net "inv42", 0 0, L_0x175aa10; 1 drivers
v0x17588f0_0 .net "inv50", 0 0, L_0x175a250; 1 drivers
v0x1758c70_0 .net "inv54", 0 0, L_0x1759d70; 1 drivers
v0x1758a90_0 .net "inv60", 0 0, L_0x1756ad0; 1 drivers
v0x1758b30_0 .alias "match", 0 0, v0x17590c0_0;
RS_0x7fe36edbee28/0/0 .resolv tri, L_0x1759a80, L_0x175a3a0, L_0x175ad50, L_0x175b600;
RS_0x7fe36edbee28/0/4 .resolv tri, L_0x175ba90, L_0x175c260, L_0x175c8e0, C4<zzzzzzz>;
RS_0x7fe36edbee28 .resolv tri, RS_0x7fe36edbee28/0/0, RS_0x7fe36edbee28/0/4, C4<zzzzzzz>, C4<zzzzzzz>;
v0x1758bd0_0 .net8 "submatch", 6 0, RS_0x7fe36edbee28; 7 drivers
L_0x1759220 .part v0x1755c70_0, 6, 1;
L_0x17592f0 .part v0x1755c70_0, 5, 1;
L_0x1759390 .part v0x1755c70_0, 4, 1;
L_0x17594f0 .part v0x1755c70_0, 3, 1;
L_0x17595f0 .part v0x1755c70_0, 2, 1;
L_0x17596c0 .part v0x1755c70_0, 1, 1;
L_0x1759790 .part v0x1755c70_0, 0, 1;
L_0x1759940 .part v0x1755170_0, 4, 1;
L_0x1759a80 .part/pv L_0x1759b20, 6, 1, 7;
L_0x1759c80 .part v0x1755170_0, 0, 1;
L_0x1759dd0 .part v0x1755170_0, 1, 1;
L_0x1759f00 .part v0x1755170_0, 2, 1;
L_0x1759fa0 .part v0x1755170_0, 3, 1;
L_0x175a090 .part v0x1755450_0, 0, 1;
L_0x175a2b0 .part v0x1755450_0, 4, 1;
L_0x175a3a0 .part/pv L_0x175a520, 5, 1, 7;
L_0x175a6b0 .part v0x1755450_0, 1, 1;
L_0x175a830 .part v0x1755450_0, 2, 1;
L_0x175a970 .part v0x1755450_0, 3, 1;
L_0x175aa70 .part v0x1755770_0, 2, 1;
L_0x175ac60 .part v0x1755770_0, 3, 1;
L_0x175ad50 .part/pv L_0x175abb0, 4, 1, 7;
L_0x175afa0 .part v0x1755770_0, 0, 1;
L_0x175b120 .part v0x1755770_0, 1, 1;
L_0x175adf0 .part v0x1755770_0, 4, 1;
L_0x175b340 .part v0x1755a40_0, 0, 1;
L_0x175b560 .part v0x1755a40_0, 2, 1;
L_0x175b600 .part/pv L_0x175b480, 3, 1, 7;
L_0x175b870 .part v0x1755a40_0, 1, 1;
L_0x175b9f0 .part v0x1755a40_0, 3, 1;
L_0x175b730 .part v0x1755a40_0, 4, 1;
L_0x175bbf0 .part v0x1755da0_0, 4, 1;
L_0x175ba90 .part/pv L_0x175bb30, 2, 1, 7;
L_0x175bf20 .part v0x1755da0_0, 0, 1;
L_0x175bd30 .part v0x1755da0_0, 1, 1;
L_0x175c1c0 .part v0x1755da0_0, 2, 1;
L_0x175c010 .part v0x1755da0_0, 3, 1;
L_0x175c3f0 .part v0x1756070_0, 0, 1;
L_0x175c260 .part/pv L_0x175c300, 1, 1, 7;
L_0x175c750 .part v0x1756070_0, 1, 1;
L_0x175c530 .part v0x1756070_0, 2, 1;
L_0x175ca20 .part v0x1756070_0, 3, 1;
L_0x175c840 .part v0x1756070_0, 4, 1;
L_0x175c8e0 .part/pv L_0x175cc30, 0, 1, 7;
L_0x175cdb0 .part v0x1756340_0, 0, 1;
L_0x175cef0 .part v0x1756340_0, 1, 1;
L_0x175cac0 .part v0x1756340_0, 2, 1;
L_0x175d1f0 .part v0x1756340_0, 3, 1;
L_0x175cfe0 .part v0x1756340_0, 4, 1;
L_0x175d470 .part RS_0x7fe36edbee28, 6, 1;
L_0x175d290 .part RS_0x7fe36edbee28, 5, 1;
L_0x175d380 .part RS_0x7fe36edbee28, 4, 1;
L_0x175d820 .part RS_0x7fe36edbee28, 3, 1;
L_0x175d910 .part RS_0x7fe36edbee28, 2, 1;
L_0x175d670 .part RS_0x7fe36edbee28, 1, 1;
L_0x175d760 .part RS_0x7fe36edbee28, 0, 1;
S_0x1756110 .scope module, "Rip6" "RippleMod" 2 55, 2 101, S_0x171e800;
 .timescale 0 0;
v0x1756200_0 .alias "CLK", 0 0, v0x17563e0_0;
v0x17562a0_0 .net "ascii_bit", 0 0, L_0x1759220; 1 drivers
v0x1756340_0 .var "q", 0 4;
S_0x1755e40 .scope module, "Rip5" "RippleMod" 2 56, 2 101, S_0x171e800;
 .timescale 0 0;
v0x1755f30_0 .alias "CLK", 0 0, v0x17563e0_0;
v0x1755fd0_0 .net "ascii_bit", 0 0, L_0x17592f0; 1 drivers
v0x1756070_0 .var "q", 0 4;
S_0x1755ae0 .scope module, "Rip4" "RippleMod" 2 57, 2 101, S_0x171e800;
 .timescale 0 0;
v0x1755bd0_0 .alias "CLK", 0 0, v0x17563e0_0;
v0x1755d00_0 .net "ascii_bit", 0 0, L_0x1759390; 1 drivers
v0x1755da0_0 .var "q", 0 4;
S_0x1755810 .scope module, "Rip3" "RippleMod" 2 58, 2 101, S_0x171e800;
 .timescale 0 0;
v0x1755900_0 .alias "CLK", 0 0, v0x17563e0_0;
v0x17559a0_0 .net "ascii_bit", 0 0, L_0x17594f0; 1 drivers
v0x1755a40_0 .var "q", 0 4;
S_0x17554f0 .scope module, "Rip2" "RippleMod" 2 59, 2 101, S_0x171e800;
 .timescale 0 0;
v0x17555e0_0 .alias "CLK", 0 0, v0x17563e0_0;
v0x17556d0_0 .net "ascii_bit", 0 0, L_0x17595f0; 1 drivers
v0x1755770_0 .var "q", 0 4;
S_0x1755210 .scope module, "Rip1" "RippleMod" 2 60, 2 101, S_0x171e800;
 .timescale 0 0;
v0x1755300_0 .alias "CLK", 0 0, v0x17563e0_0;
v0x17553d0_0 .net "ascii_bit", 0 0, L_0x17596c0; 1 drivers
v0x1755450_0 .var "q", 0 4;
S_0x171e380 .scope module, "Rip0" "RippleMod" 2 61, 2 101, S_0x171e800;
 .timescale 0 0;
v0x17347b0_0 .alias "CLK", 0 0, v0x17563e0_0;
v0x17550d0_0 .net "ascii_bit", 0 0, L_0x1759790; 1 drivers
v0x1755170_0 .var "q", 0 4;
E_0x1711b10 .event posedge, v0x17347b0_0;
    .scope S_0x1756110;
T_0 ;
    %wait E_0x1711b10;
    %load/v 8, v0x17562a0_0, 1;
    %ix/load 0, 1, 0;
    %ix/load 1, 4, 0;
    %assign/v0/x1 v0x1756340_0, 0, 8;
    %ix/load 1, 4, 0;
    %mov 4, 0, 1;
    %jmp/1 T_0.0, 4;
    %load/x1p 8, v0x1756340_0, 1;
    %jmp T_0.1;
T_0.0 ;
    %mov 8, 2, 1;
T_0.1 ;
; Save base=8 wid=1 in lookaside.
    %ix/load 0, 1, 0;
    %ix/load 1, 3, 0;
    %assign/v0/x1 v0x1756340_0, 0, 8;
    %ix/load 1, 3, 0;
    %mov 4, 0, 1;
    %jmp/1 T_0.2, 4;
    %load/x1p 8, v0x1756340_0, 1;
    %jmp T_0.3;
T_0.2 ;
    %mov 8, 2, 1;
T_0.3 ;
; Save base=8 wid=1 in lookaside.
    %ix/load 0, 1, 0;
    %ix/load 1, 2, 0;
    %assign/v0/x1 v0x1756340_0, 0, 8;
    %ix/load 1, 2, 0;
    %mov 4, 0, 1;
    %jmp/1 T_0.4, 4;
    %load/x1p 8, v0x1756340_0, 1;
    %jmp T_0.5;
T_0.4 ;
    %mov 8, 2, 1;
T_0.5 ;
; Save base=8 wid=1 in lookaside.
    %ix/load 0, 1, 0;
    %ix/load 1, 1, 0;
    %assign/v0/x1 v0x1756340_0, 0, 8;
    %ix/load 1, 1, 0;
    %mov 4, 0, 1;
    %jmp/1 T_0.6, 4;
    %load/x1p 8, v0x1756340_0, 1;
    %jmp T_0.7;
T_0.6 ;
    %mov 8, 2, 1;
T_0.7 ;
; Save base=8 wid=1 in lookaside.
    %ix/load 0, 1, 0;
    %ix/load 1, 0, 0;
    %assign/v0/x1 v0x1756340_0, 0, 8;
    %jmp T_0;
    .thread T_0;
    .scope S_0x1756110;
T_1 ;
    %movi 8, 16, 5;
    %set/v v0x1756340_0, 8, 5;
    %end;
    .thread T_1;
    .scope S_0x1755e40;
T_2 ;
    %wait E_0x1711b10;
    %load/v 8, v0x1755fd0_0, 1;
    %ix/load 0, 1, 0;
    %ix/load 1, 4, 0;
    %assign/v0/x1 v0x1756070_0, 0, 8;
    %ix/load 1, 4, 0;
    %mov 4, 0, 1;
    %jmp/1 T_2.0, 4;
    %load/x1p 8, v0x1756070_0, 1;
    %jmp T_2.1;
T_2.0 ;
    %mov 8, 2, 1;
T_2.1 ;
; Save base=8 wid=1 in lookaside.
    %ix/load 0, 1, 0;
    %ix/load 1, 3, 0;
    %assign/v0/x1 v0x1756070_0, 0, 8;
    %ix/load 1, 3, 0;
    %mov 4, 0, 1;
    %jmp/1 T_2.2, 4;
    %load/x1p 8, v0x1756070_0, 1;
    %jmp T_2.3;
T_2.2 ;
    %mov 8, 2, 1;
T_2.3 ;
; Save base=8 wid=1 in lookaside.
    %ix/load 0, 1, 0;
    %ix/load 1, 2, 0;
    %assign/v0/x1 v0x1756070_0, 0, 8;
    %ix/load 1, 2, 0;
    %mov 4, 0, 1;
    %jmp/1 T_2.4, 4;
    %load/x1p 8, v0x1756070_0, 1;
    %jmp T_2.5;
T_2.4 ;
    %mov 8, 2, 1;
T_2.5 ;
; Save base=8 wid=1 in lookaside.
    %ix/load 0, 1, 0;
    %ix/load 1, 1, 0;
    %assign/v0/x1 v0x1756070_0, 0, 8;
    %ix/load 1, 1, 0;
    %mov 4, 0, 1;
    %jmp/1 T_2.6, 4;
    %load/x1p 8, v0x1756070_0, 1;
    %jmp T_2.7;
T_2.6 ;
    %mov 8, 2, 1;
T_2.7 ;
; Save base=8 wid=1 in lookaside.
    %ix/load 0, 1, 0;
    %ix/load 1, 0, 0;
    %assign/v0/x1 v0x1756070_0, 0, 8;
    %jmp T_2;
    .thread T_2;
    .scope S_0x1755e40;
T_3 ;
    %movi 8, 16, 5;
    %set/v v0x1756070_0, 8, 5;
    %end;
    .thread T_3;
    .scope S_0x1755ae0;
T_4 ;
    %wait E_0x1711b10;
    %load/v 8, v0x1755d00_0, 1;
    %ix/load 0, 1, 0;
    %ix/load 1, 4, 0;
    %assign/v0/x1 v0x1755da0_0, 0, 8;
    %ix/load 1, 4, 0;
    %mov 4, 0, 1;
    %jmp/1 T_4.0, 4;
    %load/x1p 8, v0x1755da0_0, 1;
    %jmp T_4.1;
T_4.0 ;
    %mov 8, 2, 1;
T_4.1 ;
; Save base=8 wid=1 in lookaside.
    %ix/load 0, 1, 0;
    %ix/load 1, 3, 0;
    %assign/v0/x1 v0x1755da0_0, 0, 8;
    %ix/load 1, 3, 0;
    %mov 4, 0, 1;
    %jmp/1 T_4.2, 4;
    %load/x1p 8, v0x1755da0_0, 1;
    %jmp T_4.3;
T_4.2 ;
    %mov 8, 2, 1;
T_4.3 ;
; Save base=8 wid=1 in lookaside.
    %ix/load 0, 1, 0;
    %ix/load 1, 2, 0;
    %assign/v0/x1 v0x1755da0_0, 0, 8;
    %ix/load 1, 2, 0;
    %mov 4, 0, 1;
    %jmp/1 T_4.4, 4;
    %load/x1p 8, v0x1755da0_0, 1;
    %jmp T_4.5;
T_4.4 ;
    %mov 8, 2, 1;
T_4.5 ;
; Save base=8 wid=1 in lookaside.
    %ix/load 0, 1, 0;
    %ix/load 1, 1, 0;
    %assign/v0/x1 v0x1755da0_0, 0, 8;
    %ix/load 1, 1, 0;
    %mov 4, 0, 1;
    %jmp/1 T_4.6, 4;
    %load/x1p 8, v0x1755da0_0, 1;
    %jmp T_4.7;
T_4.6 ;
    %mov 8, 2, 1;
T_4.7 ;
; Save base=8 wid=1 in lookaside.
    %ix/load 0, 1, 0;
    %ix/load 1, 0, 0;
    %assign/v0/x1 v0x1755da0_0, 0, 8;
    %jmp T_4;
    .thread T_4;
    .scope S_0x1755ae0;
T_5 ;
    %movi 8, 16, 5;
    %set/v v0x1755da0_0, 8, 5;
    %end;
    .thread T_5;
    .scope S_0x1755810;
T_6 ;
    %wait E_0x1711b10;
    %load/v 8, v0x17559a0_0, 1;
    %ix/load 0, 1, 0;
    %ix/load 1, 4, 0;
    %assign/v0/x1 v0x1755a40_0, 0, 8;
    %ix/load 1, 4, 0;
    %mov 4, 0, 1;
    %jmp/1 T_6.0, 4;
    %load/x1p 8, v0x1755a40_0, 1;
    %jmp T_6.1;
T_6.0 ;
    %mov 8, 2, 1;
T_6.1 ;
; Save base=8 wid=1 in lookaside.
    %ix/load 0, 1, 0;
    %ix/load 1, 3, 0;
    %assign/v0/x1 v0x1755a40_0, 0, 8;
    %ix/load 1, 3, 0;
    %mov 4, 0, 1;
    %jmp/1 T_6.2, 4;
    %load/x1p 8, v0x1755a40_0, 1;
    %jmp T_6.3;
T_6.2 ;
    %mov 8, 2, 1;
T_6.3 ;
; Save base=8 wid=1 in lookaside.
    %ix/load 0, 1, 0;
    %ix/load 1, 2, 0;
    %assign/v0/x1 v0x1755a40_0, 0, 8;
    %ix/load 1, 2, 0;
    %mov 4, 0, 1;
    %jmp/1 T_6.4, 4;
    %load/x1p 8, v0x1755a40_0, 1;
    %jmp T_6.5;
T_6.4 ;
    %mov 8, 2, 1;
T_6.5 ;
; Save base=8 wid=1 in lookaside.
    %ix/load 0, 1, 0;
    %ix/load 1, 1, 0;
    %assign/v0/x1 v0x1755a40_0, 0, 8;
    %ix/load 1, 1, 0;
    %mov 4, 0, 1;
    %jmp/1 T_6.6, 4;
    %load/x1p 8, v0x1755a40_0, 1;
    %jmp T_6.7;
T_6.6 ;
    %mov 8, 2, 1;
T_6.7 ;
; Save base=8 wid=1 in lookaside.
    %ix/load 0, 1, 0;
    %ix/load 1, 0, 0;
    %assign/v0/x1 v0x1755a40_0, 0, 8;
    %jmp T_6;
    .thread T_6;
    .scope S_0x1755810;
T_7 ;
    %movi 8, 16, 5;
    %set/v v0x1755a40_0, 8, 5;
    %end;
    .thread T_7;
    .scope S_0x17554f0;
T_8 ;
    %wait E_0x1711b10;
    %load/v 8, v0x17556d0_0, 1;
    %ix/load 0, 1, 0;
    %ix/load 1, 4, 0;
    %assign/v0/x1 v0x1755770_0, 0, 8;
    %ix/load 1, 4, 0;
    %mov 4, 0, 1;
    %jmp/1 T_8.0, 4;
    %load/x1p 8, v0x1755770_0, 1;
    %jmp T_8.1;
T_8.0 ;
    %mov 8, 2, 1;
T_8.1 ;
; Save base=8 wid=1 in lookaside.
    %ix/load 0, 1, 0;
    %ix/load 1, 3, 0;
    %assign/v0/x1 v0x1755770_0, 0, 8;
    %ix/load 1, 3, 0;
    %mov 4, 0, 1;
    %jmp/1 T_8.2, 4;
    %load/x1p 8, v0x1755770_0, 1;
    %jmp T_8.3;
T_8.2 ;
    %mov 8, 2, 1;
T_8.3 ;
; Save base=8 wid=1 in lookaside.
    %ix/load 0, 1, 0;
    %ix/load 1, 2, 0;
    %assign/v0/x1 v0x1755770_0, 0, 8;
    %ix/load 1, 2, 0;
    %mov 4, 0, 1;
    %jmp/1 T_8.4, 4;
    %load/x1p 8, v0x1755770_0, 1;
    %jmp T_8.5;
T_8.4 ;
    %mov 8, 2, 1;
T_8.5 ;
; Save base=8 wid=1 in lookaside.
    %ix/load 0, 1, 0;
    %ix/load 1, 1, 0;
    %assign/v0/x1 v0x1755770_0, 0, 8;
    %ix/load 1, 1, 0;
    %mov 4, 0, 1;
    %jmp/1 T_8.6, 4;
    %load/x1p 8, v0x1755770_0, 1;
    %jmp T_8.7;
T_8.6 ;
    %mov 8, 2, 1;
T_8.7 ;
; Save base=8 wid=1 in lookaside.
    %ix/load 0, 1, 0;
    %ix/load 1, 0, 0;
    %assign/v0/x1 v0x1755770_0, 0, 8;
    %jmp T_8;
    .thread T_8;
    .scope S_0x17554f0;
T_9 ;
    %movi 8, 16, 5;
    %set/v v0x1755770_0, 8, 5;
    %end;
    .thread T_9;
    .scope S_0x1755210;
T_10 ;
    %wait E_0x1711b10;
    %load/v 8, v0x17553d0_0, 1;
    %ix/load 0, 1, 0;
    %ix/load 1, 4, 0;
    %assign/v0/x1 v0x1755450_0, 0, 8;
    %ix/load 1, 4, 0;
    %mov 4, 0, 1;
    %jmp/1 T_10.0, 4;
    %load/x1p 8, v0x1755450_0, 1;
    %jmp T_10.1;
T_10.0 ;
    %mov 8, 2, 1;
T_10.1 ;
; Save base=8 wid=1 in lookaside.
    %ix/load 0, 1, 0;
    %ix/load 1, 3, 0;
    %assign/v0/x1 v0x1755450_0, 0, 8;
    %ix/load 1, 3, 0;
    %mov 4, 0, 1;
    %jmp/1 T_10.2, 4;
    %load/x1p 8, v0x1755450_0, 1;
    %jmp T_10.3;
T_10.2 ;
    %mov 8, 2, 1;
T_10.3 ;
; Save base=8 wid=1 in lookaside.
    %ix/load 0, 1, 0;
    %ix/load 1, 2, 0;
    %assign/v0/x1 v0x1755450_0, 0, 8;
    %ix/load 1, 2, 0;
    %mov 4, 0, 1;
    %jmp/1 T_10.4, 4;
    %load/x1p 8, v0x1755450_0, 1;
    %jmp T_10.5;
T_10.4 ;
    %mov 8, 2, 1;
T_10.5 ;
; Save base=8 wid=1 in lookaside.
    %ix/load 0, 1, 0;
    %ix/load 1, 1, 0;
    %assign/v0/x1 v0x1755450_0, 0, 8;
    %ix/load 1, 1, 0;
    %mov 4, 0, 1;
    %jmp/1 T_10.6, 4;
    %load/x1p 8, v0x1755450_0, 1;
    %jmp T_10.7;
T_10.6 ;
    %mov 8, 2, 1;
T_10.7 ;
; Save base=8 wid=1 in lookaside.
    %ix/load 0, 1, 0;
    %ix/load 1, 0, 0;
    %assign/v0/x1 v0x1755450_0, 0, 8;
    %jmp T_10;
    .thread T_10;
    .scope S_0x1755210;
T_11 ;
    %movi 8, 16, 5;
    %set/v v0x1755450_0, 8, 5;
    %end;
    .thread T_11;
    .scope S_0x171e380;
T_12 ;
    %wait E_0x1711b10;
    %load/v 8, v0x17550d0_0, 1;
    %ix/load 0, 1, 0;
    %ix/load 1, 4, 0;
    %assign/v0/x1 v0x1755170_0, 0, 8;
    %ix/load 1, 4, 0;
    %mov 4, 0, 1;
    %jmp/1 T_12.0, 4;
    %load/x1p 8, v0x1755170_0, 1;
    %jmp T_12.1;
T_12.0 ;
    %mov 8, 2, 1;
T_12.1 ;
; Save base=8 wid=1 in lookaside.
    %ix/load 0, 1, 0;
    %ix/load 1, 3, 0;
    %assign/v0/x1 v0x1755170_0, 0, 8;
    %ix/load 1, 3, 0;
    %mov 4, 0, 1;
    %jmp/1 T_12.2, 4;
    %load/x1p 8, v0x1755170_0, 1;
    %jmp T_12.3;
T_12.2 ;
    %mov 8, 2, 1;
T_12.3 ;
; Save base=8 wid=1 in lookaside.
    %ix/load 0, 1, 0;
    %ix/load 1, 2, 0;
    %assign/v0/x1 v0x1755170_0, 0, 8;
    %ix/load 1, 2, 0;
    %mov 4, 0, 1;
    %jmp/1 T_12.4, 4;
    %load/x1p 8, v0x1755170_0, 1;
    %jmp T_12.5;
T_12.4 ;
    %mov 8, 2, 1;
T_12.5 ;
; Save base=8 wid=1 in lookaside.
    %ix/load 0, 1, 0;
    %ix/load 1, 1, 0;
    %assign/v0/x1 v0x1755170_0, 0, 8;
    %ix/load 1, 1, 0;
    %mov 4, 0, 1;
    %jmp/1 T_12.6, 4;
    %load/x1p 8, v0x1755170_0, 1;
    %jmp T_12.7;
T_12.6 ;
    %mov 8, 2, 1;
T_12.7 ;
; Save base=8 wid=1 in lookaside.
    %ix/load 0, 1, 0;
    %ix/load 1, 0, 0;
    %assign/v0/x1 v0x1755170_0, 0, 8;
    %jmp T_12;
    .thread T_12;
    .scope S_0x171e380;
T_13 ;
    %movi 8, 16, 5;
    %set/v v0x1755170_0, 8, 5;
    %end;
    .thread T_13;
    .scope S_0x16fe850;
T_14 ;
    %vpi_call 2 15 "$display", "Enter the magic Sequence: ";
    %vpi_func 2 16 "$fgetc", 8, 32, P_0x16fe968;
   %ix/load 1, 0, 0;
   %ix/load 3, 0, 0;
   %set/av v0x1759170, 8, 7;
    %vpi_func 2 17 "$fgetc", 8, 32, P_0x16fe968;
   %ix/load 1, 0, 0;
   %ix/load 3, 1, 0;
   %set/av v0x1759170, 8, 7;
    %vpi_func 2 18 "$fgetc", 8, 32, P_0x16fe968;
   %ix/load 1, 0, 0;
   %ix/load 3, 2, 0;
   %set/av v0x1759170, 8, 7;
    %vpi_func 2 19 "$fgetc", 8, 32, P_0x16fe968;
   %ix/load 1, 0, 0;
   %ix/load 3, 3, 0;
   %set/av v0x1759170, 8, 7;
    %vpi_func 2 20 "$fgetc", 8, 32, P_0x16fe968;
   %ix/load 1, 0, 0;
   %ix/load 3, 4, 0;
   %set/av v0x1759170, 8, 7;
    %vpi_func 2 21 "$fgetc", 8, 32, P_0x16fe968;
   %ix/load 1, 0, 0;
   %ix/load 3, 5, 0;
   %set/av v0x1759170, 8, 7;
    %vpi_call 2 23 "$display", "Time  CLK   ascii         match";
    %vpi_call 2 24 "$monitor", "%2d    %b     %c %b     %b", $time, v0x1758f10_0, v0x1755c70_0, v0x1755c70_0, v0x17590c0_0;
    %set/v v0x1758f10_0, 0, 1;
    %ix/load 3, 0, 0;
    %mov 4, 0, 1;
    %load/av 8, v0x1759170, 7;
    %set/v v0x1755c70_0, 8, 7;
    %delay 1, 0;
    %set/v v0x1758f10_0, 1, 1;
    %delay 1, 0;
    %set/v v0x1758f10_0, 0, 1;
    %ix/load 3, 1, 0;
    %mov 4, 0, 1;
    %load/av 8, v0x1759170, 7;
    %set/v v0x1755c70_0, 8, 7;
    %delay 1, 0;
    %set/v v0x1758f10_0, 1, 1;
    %delay 1, 0;
    %set/v v0x1758f10_0, 0, 1;
    %ix/load 3, 2, 0;
    %mov 4, 0, 1;
    %load/av 8, v0x1759170, 7;
    %set/v v0x1755c70_0, 8, 7;
    %delay 1, 0;
    %set/v v0x1758f10_0, 1, 1;
    %delay 1, 0;
    %set/v v0x1758f10_0, 0, 1;
    %ix/load 3, 3, 0;
    %mov 4, 0, 1;
    %load/av 8, v0x1759170, 7;
    %set/v v0x1755c70_0, 8, 7;
    %delay 1, 0;
    %set/v v0x1758f10_0, 1, 1;
    %delay 1, 0;
    %set/v v0x1758f10_0, 0, 1;
    %ix/load 3, 4, 0;
    %mov 4, 0, 1;
    %load/av 8, v0x1759170, 7;
    %set/v v0x1755c70_0, 8, 7;
    %delay 1, 0;
    %set/v v0x1758f10_0, 1, 1;
    %delay 1, 0;
    %set/v v0x1758f10_0, 0, 1;
    %end;
    .thread T_14;
# The file index is used to find the file name in the following table.
:file_names 3;
    "N/A";
    "<interactive>";
    "name-recog.v";
