#! /gaia/home/faculty/changw/ivl/bin/vvp
:ivl_version "0.9.6 " "(v0_9_6)";
:vpi_time_precision + 0;
:vpi_module "system";
:vpi_module "v2005_math";
:vpi_module "va_math";
S_0x1cdba10 .scope module, "TestMod" "TestMod" 2 5;
 .timescale 0 0;
P_0x1ceb828 .param/l "STDIN" 2 6, C4<10000000000000000000000000000000>;
v0x1d14810_0 .var "ascii", 6 0;
v0x1d148b0_0 .var "clk", 0 0;
v0x1d11a70_0 .net "match", 0 0, L_0x1d18970; 1 drivers
v0x1d14d50 .array "str", 6 1, 6 0;
S_0x1cdb590 .scope module, "my_recognizer" "RecognizerMod" 2 43, 2 46, S_0x1cdba10;
 .timescale 0 0;
L_0x1d12830/0/0 .functor AND 1, L_0x1d15610, L_0x1d15750, L_0x1d158a0, L_0x1d159d0;
L_0x1d12830/0/4 .functor AND 1, L_0x1d15a70, C4<1>, C4<1>, C4<1>;
L_0x1d12830 .functor AND 1, L_0x1d12830/0/0, L_0x1d12830/0/4, C4<1>, C4<1>;
L_0x1d15840 .functor NOT 1, L_0x1d15b60, C4<0>, C4<0>, C4<0>;
L_0x1d15e10/0/0 .functor AND 1, L_0x1d15840, L_0x1d15f50, L_0x1d160d0, L_0x1d16250;
L_0x1d15e10/0/4 .functor AND 1, L_0x1d16390, C4<1>, C4<1>, C4<1>;
L_0x1d15e10 .functor AND 1, L_0x1d15e10/0/0, L_0x1d15e10/0/4, C4<1>, C4<1>;
L_0x1d16430 .functor NOT 1, L_0x1d16490, C4<0>, C4<0>, C4<0>;
L_0x1d16680/0/0 .functor OR 1, L_0x1d16430, L_0x1d16780, L_0x1d165d0, L_0x1d16a10;
L_0x1d16680/0/4 .functor OR 1, L_0x1d16870, C4<0>, C4<0>, C4<0>;
L_0x1d16680 .functor NOR 1, L_0x1d16680/0/0, L_0x1d16680/0/4, C4<0>, C4<0>;
L_0x1d16bd0 .functor NOT 1, L_0x1d16c70, C4<0>, C4<0>, C4<0>;
L_0x1d16f20/0/0 .functor OR 1, L_0x1d17010, L_0x1d16db0, L_0x1d16bd0, L_0x1d172d0;
L_0x1d16f20/0/4 .functor OR 1, L_0x1d17100, C4<0>, C4<0>, C4<0>;
L_0x1d16f20 .functor NOR 1, L_0x1d16f20/0/0, L_0x1d16f20/0/4, C4<0>, C4<0>;
L_0x1d17470 .functor NOT 1, L_0x1d17520, C4<0>, C4<0>, C4<0>;
L_0x1d17410/0/0 .functor AND 1, L_0x1d17810, L_0x1d17660, L_0x1d17470, L_0x1d17ab0;
L_0x1d17410/0/4 .functor AND 1, L_0x1d17900, C4<1>, C4<1>, C4<1>;
L_0x1d17410 .functor AND 1, L_0x1d17410/0/0, L_0x1d17410/0/4, C4<1>, C4<1>;
L_0x1d17c80 .functor NOT 1, L_0x1d17d40, C4<0>, C4<0>, C4<0>;
L_0x1d17bf0/0/0 .functor OR 1, L_0x1d17c80, L_0x1d18010, L_0x1d17e30, L_0x1d182e0;
L_0x1d17bf0/0/4 .functor OR 1, L_0x1d18100, C4<0>, C4<0>, C4<0>;
L_0x1d17bf0 .functor NOR 1, L_0x1d17bf0/0/0, L_0x1d17bf0/0/4, C4<0>, C4<0>;
L_0x1d181a0 .functor NOT 1, L_0x1d184e0, C4<0>, C4<0>, C4<0>;
L_0x1d17ce0/0/0 .functor AND 1, L_0x1d18790, L_0x1d185d0, L_0x1d18a90, L_0x1d181a0;
L_0x1d17ce0/0/4 .functor AND 1, L_0x1d18880, C4<1>, C4<1>, C4<1>;
L_0x1d17ce0 .functor AND 1, L_0x1d17ce0/0/0, L_0x1d17ce0/0/4, C4<1>, C4<1>;
L_0x1d18970/0/0 .functor AND 1, L_0x1d18d10, L_0x1d18b30, L_0x1d18c20, L_0x1d190c0;
L_0x1d18970/0/4 .functor AND 1, L_0x1d191b0, L_0x1d18f10, L_0x1d19000, C4<1>;
L_0x1d18970 .functor AND 1, L_0x1d18970/0/0, L_0x1d18970/0/4, C4<1>, C4<1>;
v0x1d12140 .array "Q", 6 0;
v0x1d12140_0 .net v0x1d12140 0, 0 4, v0x1d10ed0_0; 1 drivers
v0x1d12140_1 .net v0x1d12140 1, 0 4, v0x1d111d0_0; 1 drivers
v0x1d12140_2 .net v0x1d12140 2, 0 4, v0x1d114d0_0; 1 drivers
v0x1d12140_3 .net v0x1d12140 3, 0 4, v0x1d117a0_0; 1 drivers
v0x1d12140_4 .net v0x1d12140 4, 0 4, v0x1d11b00_0; 1 drivers
v0x1d12140_5 .net v0x1d12140 5, 0 4, v0x1d11dd0_0; 1 drivers
v0x1d12140_6 .net v0x1d12140 6, 0 4, v0x1d120a0_0; 1 drivers
v0x1d12340_0 .net *"_s101", 0 0, L_0x1d17410; 1 drivers
v0x1d123c0_0 .net *"_s105", 0 0, L_0x1d17810; 1 drivers
v0x1d12440_0 .net *"_s108", 0 0, L_0x1d17660; 1 drivers
v0x1d124f0_0 .net *"_s111", 0 0, L_0x1d17ab0; 1 drivers
v0x1d12570_0 .net *"_s114", 0 0, L_0x1d17900; 1 drivers
v0x1d12630_0 .net *"_s118", 0 0, L_0x1d17d40; 1 drivers
v0x1d126b0_0 .net *"_s120", 0 0, L_0x1d17bf0; 1 drivers
v0x1d12730_0 .net *"_s124", 0 0, L_0x1d18010; 1 drivers
v0x1d127b0_0 .net *"_s127", 0 0, L_0x1d17e30; 1 drivers
v0x1d128b0_0 .net *"_s130", 0 0, L_0x1d182e0; 1 drivers
v0x1d12950_0 .net *"_s133", 0 0, L_0x1d18100; 1 drivers
v0x1d12a60_0 .net *"_s137", 0 0, L_0x1d184e0; 1 drivers
v0x1d12b00_0 .net *"_s139", 0 0, L_0x1d17ce0; 1 drivers
v0x1d12c20_0 .net *"_s143", 0 0, L_0x1d18790; 1 drivers
v0x1d12cc0_0 .net *"_s146", 0 0, L_0x1d185d0; 1 drivers
v0x1d12b80_0 .net *"_s149", 0 0, L_0x1d18a90; 1 drivers
v0x1d12e10_0 .net *"_s152", 0 0, L_0x1d18880; 1 drivers
v0x1d12f30_0 .net *"_s155", 0 0, L_0x1d18d10; 1 drivers
v0x1d12fb0_0 .net *"_s157", 0 0, L_0x1d18b30; 1 drivers
v0x1d12e90_0 .net *"_s159", 0 0, L_0x1d18c20; 1 drivers
v0x1d130e0_0 .net *"_s161", 0 0, L_0x1d190c0; 1 drivers
v0x1d13030_0 .net *"_s163", 0 0, L_0x1d191b0; 1 drivers
v0x1d13220_0 .net *"_s165", 0 0, L_0x1d18f10; 1 drivers
v0x1d13180_0 .net *"_s167", 0 0, L_0x1d19000; 1 drivers
v0x1d13370_0 .net *"_s22", 0 0, L_0x1d12830; 1 drivers
v0x1d132c0_0 .net *"_s26", 0 0, L_0x1d15610; 1 drivers
v0x1d134d0_0 .net *"_s29", 0 0, L_0x1d15750; 1 drivers
v0x1d13410_0 .net *"_s32", 0 0, L_0x1d158a0; 1 drivers
v0x1d13640_0 .net *"_s35", 0 0, L_0x1d159d0; 1 drivers
v0x1d13550_0 .net *"_s38", 0 0, L_0x1d15a70; 1 drivers
v0x1d137c0_0 .net *"_s42", 0 0, L_0x1d15b60; 1 drivers
v0x1d136c0_0 .net *"_s44", 0 0, L_0x1d15e10; 1 drivers
v0x1d13950_0 .net *"_s48", 0 0, L_0x1d15f50; 1 drivers
v0x1d13840_0 .net *"_s51", 0 0, L_0x1d160d0; 1 drivers
v0x1d13af0_0 .net *"_s54", 0 0, L_0x1d16250; 1 drivers
v0x1d139d0_0 .net *"_s57", 0 0, L_0x1d16390; 1 drivers
v0x1d13a70_0 .net *"_s61", 0 0, L_0x1d16490; 1 drivers
v0x1d13cb0_0 .net *"_s63", 0 0, L_0x1d16680; 1 drivers
v0x1d13d30_0 .net *"_s67", 0 0, L_0x1d16780; 1 drivers
v0x1d13b70_0 .net *"_s70", 0 0, L_0x1d165d0; 1 drivers
v0x1d13c10_0 .net *"_s73", 0 0, L_0x1d16a10; 1 drivers
v0x1d13f10_0 .net *"_s76", 0 0, L_0x1d16870; 1 drivers
v0x1d13f90_0 .net *"_s80", 0 0, L_0x1d16c70; 1 drivers
v0x1d13db0_0 .net *"_s82", 0 0, L_0x1d16f20; 1 drivers
v0x1d13e50_0 .net *"_s86", 0 0, L_0x1d17010; 1 drivers
v0x1d14190_0 .net *"_s89", 0 0, L_0x1d16db0; 1 drivers
v0x1d14210_0 .net *"_s92", 0 0, L_0x1d172d0; 1 drivers
v0x1d14030_0 .net *"_s95", 0 0, L_0x1d17100; 1 drivers
v0x1d140d0_0 .net *"_s99", 0 0, L_0x1d17520; 1 drivers
v0x1d14430_0 .net "ascii", 6 0, v0x1d14810_0; 1 drivers
v0x1d144b0_0 .net "clk", 0 0, v0x1d148b0_0; 1 drivers
v0x1d14290_0 .net "invQ01", 0 0, L_0x1d181a0; 1 drivers
v0x1d14330_0 .net "invQ14", 0 0, L_0x1d17c80; 1 drivers
v0x1d146f0_0 .net "invQ22", 0 0, L_0x1d17470; 1 drivers
v0x1d14770_0 .net "invQ32", 0 0, L_0x1d16bd0; 1 drivers
v0x1d14530_0 .net "invQ44", 0 0, L_0x1d16430; 1 drivers
v0x1d145b0_0 .net "invQ54", 0 0, L_0x1d15840; 1 drivers
v0x1d14650_0 .alias "match", 0 0, v0x1d11a70_0;
RS_0x7f9f365c0d98/0/0 .resolv tri, L_0x1d154c0, L_0x1d15d20, L_0x1d162f0, L_0x1d16ab0;
RS_0x7f9f365c0d98/0/4 .resolv tri, L_0x1d17370, L_0x1d17b50, L_0x1d18380, C4<zzzzzzz>;
RS_0x7f9f365c0d98 .resolv tri, RS_0x7f9f365c0d98/0/0, RS_0x7f9f365c0d98/0/4, C4<zzzzzzz>, C4<zzzzzzz>;
v0x1d149d0_0 .net8 "submatch", 6 0, RS_0x7f9f365c0d98; 7 drivers
L_0x1d14dd0 .part v0x1d14810_0, 6, 1;
L_0x1d14e70 .part v0x1d14810_0, 5, 1;
L_0x1d14f10 .part v0x1d14810_0, 4, 1;
L_0x1d15070 .part v0x1d14810_0, 3, 1;
L_0x1d15170 .part v0x1d14810_0, 2, 1;
L_0x1d15240 .part v0x1d14810_0, 1, 1;
L_0x1d15310 .part v0x1d14810_0, 0, 1;
L_0x1d154c0 .part/pv L_0x1d12830, 6, 1, 7;
L_0x1d15610 .part v0x1d120a0_0, 0, 1;
L_0x1d15750 .part v0x1d120a0_0, 1, 1;
L_0x1d158a0 .part v0x1d120a0_0, 2, 1;
L_0x1d159d0 .part v0x1d120a0_0, 3, 1;
L_0x1d15a70 .part v0x1d120a0_0, 4, 1;
L_0x1d15b60 .part v0x1d11dd0_0, 0, 1;
L_0x1d15d20 .part/pv L_0x1d15e10, 5, 1, 7;
L_0x1d15f50 .part v0x1d11dd0_0, 1, 1;
L_0x1d160d0 .part v0x1d11dd0_0, 2, 1;
L_0x1d16250 .part v0x1d11dd0_0, 3, 1;
L_0x1d16390 .part v0x1d11dd0_0, 4, 1;
L_0x1d16490 .part v0x1d11b00_0, 0, 1;
L_0x1d162f0 .part/pv L_0x1d16680, 4, 1, 7;
L_0x1d16780 .part v0x1d11b00_0, 1, 1;
L_0x1d165d0 .part v0x1d11b00_0, 2, 1;
L_0x1d16a10 .part v0x1d11b00_0, 3, 1;
L_0x1d16870 .part v0x1d11b00_0, 4, 1;
L_0x1d16c70 .part v0x1d117a0_0, 2, 1;
L_0x1d16ab0 .part/pv L_0x1d16f20, 3, 1, 7;
L_0x1d17010 .part v0x1d117a0_0, 0, 1;
L_0x1d16db0 .part v0x1d117a0_0, 1, 1;
L_0x1d172d0 .part v0x1d117a0_0, 3, 1;
L_0x1d17100 .part v0x1d117a0_0, 4, 1;
L_0x1d17520 .part v0x1d114d0_0, 2, 1;
L_0x1d17370 .part/pv L_0x1d17410, 2, 1, 7;
L_0x1d17810 .part v0x1d114d0_0, 0, 1;
L_0x1d17660 .part v0x1d114d0_0, 1, 1;
L_0x1d17ab0 .part v0x1d114d0_0, 3, 1;
L_0x1d17900 .part v0x1d114d0_0, 4, 1;
L_0x1d17d40 .part v0x1d111d0_0, 0, 1;
L_0x1d17b50 .part/pv L_0x1d17bf0, 1, 1, 7;
L_0x1d18010 .part v0x1d111d0_0, 1, 1;
L_0x1d17e30 .part v0x1d111d0_0, 2, 1;
L_0x1d182e0 .part v0x1d111d0_0, 3, 1;
L_0x1d18100 .part v0x1d111d0_0, 4, 1;
L_0x1d184e0 .part v0x1d10ed0_0, 3, 1;
L_0x1d18380 .part/pv L_0x1d17ce0, 0, 1, 7;
L_0x1d18790 .part v0x1d10ed0_0, 0, 1;
L_0x1d185d0 .part v0x1d10ed0_0, 1, 1;
L_0x1d18a90 .part v0x1d10ed0_0, 2, 1;
L_0x1d18880 .part v0x1d10ed0_0, 4, 1;
L_0x1d18d10 .part RS_0x7f9f365c0d98, 6, 1;
L_0x1d18b30 .part RS_0x7f9f365c0d98, 5, 1;
L_0x1d18c20 .part RS_0x7f9f365c0d98, 4, 1;
L_0x1d190c0 .part RS_0x7f9f365c0d98, 3, 1;
L_0x1d191b0 .part RS_0x7f9f365c0d98, 2, 1;
L_0x1d18f10 .part RS_0x7f9f365c0d98, 1, 1;
L_0x1d19000 .part RS_0x7f9f365c0d98, 0, 1;
S_0x1d11e70 .scope module, "Ripple6" "RippleMod" 2 64, 2 100, S_0x1cdb590;
 .timescale 0 0;
v0x1d11f60_0 .net "ascii_bit", 0 0, L_0x1d14dd0; 1 drivers
v0x1d12020_0 .alias "clk", 0 0, v0x1d144b0_0;
v0x1d120a0_0 .var "q", 0 4;
S_0x1d11ba0 .scope module, "Ripple5" "RippleMod" 2 65, 2 100, S_0x1cdb590;
 .timescale 0 0;
v0x1d11c90_0 .net "ascii_bit", 0 0, L_0x1d14e70; 1 drivers
v0x1d11d50_0 .alias "clk", 0 0, v0x1d144b0_0;
v0x1d11dd0_0 .var "q", 0 4;
S_0x1d11840 .scope module, "Ripple4" "RippleMod" 2 66, 2 100, S_0x1cdb590;
 .timescale 0 0;
v0x1d11930_0 .net "ascii_bit", 0 0, L_0x1d14f10; 1 drivers
v0x1d119f0_0 .alias "clk", 0 0, v0x1d144b0_0;
v0x1d11b00_0 .var "q", 0 4;
S_0x1d11570 .scope module, "Ripple3" "RippleMod" 2 67, 2 100, S_0x1cdb590;
 .timescale 0 0;
v0x1d11660_0 .net "ascii_bit", 0 0, L_0x1d15070; 1 drivers
v0x1d11720_0 .alias "clk", 0 0, v0x1d144b0_0;
v0x1d117a0_0 .var "q", 0 4;
S_0x1d11250 .scope module, "Ripple2" "RippleMod" 2 68, 2 100, S_0x1cdb590;
 .timescale 0 0;
v0x1d11340_0 .net "ascii_bit", 0 0, L_0x1d15170; 1 drivers
v0x1d11400_0 .alias "clk", 0 0, v0x1d144b0_0;
v0x1d114d0_0 .var "q", 0 4;
S_0x1d10f70 .scope module, "Ripple1" "RippleMod" 2 69, 2 100, S_0x1cdb590;
 .timescale 0 0;
v0x1d11060_0 .net "ascii_bit", 0 0, L_0x1d15240; 1 drivers
v0x1d11120_0 .alias "clk", 0 0, v0x1d144b0_0;
v0x1d111d0_0 .var "q", 0 4;
S_0x1cdb1a0 .scope module, "Ripple0" "RippleMod" 2 70, 2 100, S_0x1cdb590;
 .timescale 0 0;
v0x1cd2320_0 .net "ascii_bit", 0 0, L_0x1d15310; 1 drivers
v0x1d10e30_0 .alias "clk", 0 0, v0x1d144b0_0;
v0x1d10ed0_0 .var "q", 0 4;
E_0x1ccd940 .event posedge, v0x1d10e30_0;
    .scope S_0x1d11e70;
T_0 ;
    %wait E_0x1ccd940;
    %load/v 8, v0x1d11f60_0, 1;
    %ix/load 0, 1, 0;
    %ix/load 1, 4, 0;
    %assign/v0/x1 v0x1d120a0_0, 0, 8;
    %ix/load 1, 4, 0;
    %mov 4, 0, 1;
    %jmp/1 T_0.0, 4;
    %load/x1p 8, v0x1d120a0_0, 1;
    %jmp T_0.1;
T_0.0 ;
    %mov 8, 2, 1;
T_0.1 ;
; Save base=8 wid=1 in lookaside.
    %ix/load 0, 1, 0;
    %ix/load 1, 3, 0;
    %assign/v0/x1 v0x1d120a0_0, 0, 8;
    %ix/load 1, 3, 0;
    %mov 4, 0, 1;
    %jmp/1 T_0.2, 4;
    %load/x1p 8, v0x1d120a0_0, 1;
    %jmp T_0.3;
T_0.2 ;
    %mov 8, 2, 1;
T_0.3 ;
; Save base=8 wid=1 in lookaside.
    %ix/load 0, 1, 0;
    %ix/load 1, 2, 0;
    %assign/v0/x1 v0x1d120a0_0, 0, 8;
    %ix/load 1, 2, 0;
    %mov 4, 0, 1;
    %jmp/1 T_0.4, 4;
    %load/x1p 8, v0x1d120a0_0, 1;
    %jmp T_0.5;
T_0.4 ;
    %mov 8, 2, 1;
T_0.5 ;
; Save base=8 wid=1 in lookaside.
    %ix/load 0, 1, 0;
    %ix/load 1, 1, 0;
    %assign/v0/x1 v0x1d120a0_0, 0, 8;
    %ix/load 1, 1, 0;
    %mov 4, 0, 1;
    %jmp/1 T_0.6, 4;
    %load/x1p 8, v0x1d120a0_0, 1;
    %jmp T_0.7;
T_0.6 ;
    %mov 8, 2, 1;
T_0.7 ;
; Save base=8 wid=1 in lookaside.
    %ix/load 0, 1, 0;
    %ix/load 1, 0, 0;
    %assign/v0/x1 v0x1d120a0_0, 0, 8;
    %jmp T_0;
    .thread T_0;
    .scope S_0x1d11e70;
T_1 ;
    %set/v v0x1d120a0_0, 0, 5;
    %end;
    .thread T_1;
    .scope S_0x1d11ba0;
T_2 ;
    %wait E_0x1ccd940;
    %load/v 8, v0x1d11c90_0, 1;
    %ix/load 0, 1, 0;
    %ix/load 1, 4, 0;
    %assign/v0/x1 v0x1d11dd0_0, 0, 8;
    %ix/load 1, 4, 0;
    %mov 4, 0, 1;
    %jmp/1 T_2.0, 4;
    %load/x1p 8, v0x1d11dd0_0, 1;
    %jmp T_2.1;
T_2.0 ;
    %mov 8, 2, 1;
T_2.1 ;
; Save base=8 wid=1 in lookaside.
    %ix/load 0, 1, 0;
    %ix/load 1, 3, 0;
    %assign/v0/x1 v0x1d11dd0_0, 0, 8;
    %ix/load 1, 3, 0;
    %mov 4, 0, 1;
    %jmp/1 T_2.2, 4;
    %load/x1p 8, v0x1d11dd0_0, 1;
    %jmp T_2.3;
T_2.2 ;
    %mov 8, 2, 1;
T_2.3 ;
; Save base=8 wid=1 in lookaside.
    %ix/load 0, 1, 0;
    %ix/load 1, 2, 0;
    %assign/v0/x1 v0x1d11dd0_0, 0, 8;
    %ix/load 1, 2, 0;
    %mov 4, 0, 1;
    %jmp/1 T_2.4, 4;
    %load/x1p 8, v0x1d11dd0_0, 1;
    %jmp T_2.5;
T_2.4 ;
    %mov 8, 2, 1;
T_2.5 ;
; Save base=8 wid=1 in lookaside.
    %ix/load 0, 1, 0;
    %ix/load 1, 1, 0;
    %assign/v0/x1 v0x1d11dd0_0, 0, 8;
    %ix/load 1, 1, 0;
    %mov 4, 0, 1;
    %jmp/1 T_2.6, 4;
    %load/x1p 8, v0x1d11dd0_0, 1;
    %jmp T_2.7;
T_2.6 ;
    %mov 8, 2, 1;
T_2.7 ;
; Save base=8 wid=1 in lookaside.
    %ix/load 0, 1, 0;
    %ix/load 1, 0, 0;
    %assign/v0/x1 v0x1d11dd0_0, 0, 8;
    %jmp T_2;
    .thread T_2;
    .scope S_0x1d11ba0;
T_3 ;
    %set/v v0x1d11dd0_0, 0, 5;
    %end;
    .thread T_3;
    .scope S_0x1d11840;
T_4 ;
    %wait E_0x1ccd940;
    %load/v 8, v0x1d11930_0, 1;
    %ix/load 0, 1, 0;
    %ix/load 1, 4, 0;
    %assign/v0/x1 v0x1d11b00_0, 0, 8;
    %ix/load 1, 4, 0;
    %mov 4, 0, 1;
    %jmp/1 T_4.0, 4;
    %load/x1p 8, v0x1d11b00_0, 1;
    %jmp T_4.1;
T_4.0 ;
    %mov 8, 2, 1;
T_4.1 ;
; Save base=8 wid=1 in lookaside.
    %ix/load 0, 1, 0;
    %ix/load 1, 3, 0;
    %assign/v0/x1 v0x1d11b00_0, 0, 8;
    %ix/load 1, 3, 0;
    %mov 4, 0, 1;
    %jmp/1 T_4.2, 4;
    %load/x1p 8, v0x1d11b00_0, 1;
    %jmp T_4.3;
T_4.2 ;
    %mov 8, 2, 1;
T_4.3 ;
; Save base=8 wid=1 in lookaside.
    %ix/load 0, 1, 0;
    %ix/load 1, 2, 0;
    %assign/v0/x1 v0x1d11b00_0, 0, 8;
    %ix/load 1, 2, 0;
    %mov 4, 0, 1;
    %jmp/1 T_4.4, 4;
    %load/x1p 8, v0x1d11b00_0, 1;
    %jmp T_4.5;
T_4.4 ;
    %mov 8, 2, 1;
T_4.5 ;
; Save base=8 wid=1 in lookaside.
    %ix/load 0, 1, 0;
    %ix/load 1, 1, 0;
    %assign/v0/x1 v0x1d11b00_0, 0, 8;
    %ix/load 1, 1, 0;
    %mov 4, 0, 1;
    %jmp/1 T_4.6, 4;
    %load/x1p 8, v0x1d11b00_0, 1;
    %jmp T_4.7;
T_4.6 ;
    %mov 8, 2, 1;
T_4.7 ;
; Save base=8 wid=1 in lookaside.
    %ix/load 0, 1, 0;
    %ix/load 1, 0, 0;
    %assign/v0/x1 v0x1d11b00_0, 0, 8;
    %jmp T_4;
    .thread T_4;
    .scope S_0x1d11840;
T_5 ;
    %set/v v0x1d11b00_0, 0, 5;
    %end;
    .thread T_5;
    .scope S_0x1d11570;
T_6 ;
    %wait E_0x1ccd940;
    %load/v 8, v0x1d11660_0, 1;
    %ix/load 0, 1, 0;
    %ix/load 1, 4, 0;
    %assign/v0/x1 v0x1d117a0_0, 0, 8;
    %ix/load 1, 4, 0;
    %mov 4, 0, 1;
    %jmp/1 T_6.0, 4;
    %load/x1p 8, v0x1d117a0_0, 1;
    %jmp T_6.1;
T_6.0 ;
    %mov 8, 2, 1;
T_6.1 ;
; Save base=8 wid=1 in lookaside.
    %ix/load 0, 1, 0;
    %ix/load 1, 3, 0;
    %assign/v0/x1 v0x1d117a0_0, 0, 8;
    %ix/load 1, 3, 0;
    %mov 4, 0, 1;
    %jmp/1 T_6.2, 4;
    %load/x1p 8, v0x1d117a0_0, 1;
    %jmp T_6.3;
T_6.2 ;
    %mov 8, 2, 1;
T_6.3 ;
; Save base=8 wid=1 in lookaside.
    %ix/load 0, 1, 0;
    %ix/load 1, 2, 0;
    %assign/v0/x1 v0x1d117a0_0, 0, 8;
    %ix/load 1, 2, 0;
    %mov 4, 0, 1;
    %jmp/1 T_6.4, 4;
    %load/x1p 8, v0x1d117a0_0, 1;
    %jmp T_6.5;
T_6.4 ;
    %mov 8, 2, 1;
T_6.5 ;
; Save base=8 wid=1 in lookaside.
    %ix/load 0, 1, 0;
    %ix/load 1, 1, 0;
    %assign/v0/x1 v0x1d117a0_0, 0, 8;
    %ix/load 1, 1, 0;
    %mov 4, 0, 1;
    %jmp/1 T_6.6, 4;
    %load/x1p 8, v0x1d117a0_0, 1;
    %jmp T_6.7;
T_6.6 ;
    %mov 8, 2, 1;
T_6.7 ;
; Save base=8 wid=1 in lookaside.
    %ix/load 0, 1, 0;
    %ix/load 1, 0, 0;
    %assign/v0/x1 v0x1d117a0_0, 0, 8;
    %jmp T_6;
    .thread T_6;
    .scope S_0x1d11570;
T_7 ;
    %set/v v0x1d117a0_0, 0, 5;
    %end;
    .thread T_7;
    .scope S_0x1d11250;
T_8 ;
    %wait E_0x1ccd940;
    %load/v 8, v0x1d11340_0, 1;
    %ix/load 0, 1, 0;
    %ix/load 1, 4, 0;
    %assign/v0/x1 v0x1d114d0_0, 0, 8;
    %ix/load 1, 4, 0;
    %mov 4, 0, 1;
    %jmp/1 T_8.0, 4;
    %load/x1p 8, v0x1d114d0_0, 1;
    %jmp T_8.1;
T_8.0 ;
    %mov 8, 2, 1;
T_8.1 ;
; Save base=8 wid=1 in lookaside.
    %ix/load 0, 1, 0;
    %ix/load 1, 3, 0;
    %assign/v0/x1 v0x1d114d0_0, 0, 8;
    %ix/load 1, 3, 0;
    %mov 4, 0, 1;
    %jmp/1 T_8.2, 4;
    %load/x1p 8, v0x1d114d0_0, 1;
    %jmp T_8.3;
T_8.2 ;
    %mov 8, 2, 1;
T_8.3 ;
; Save base=8 wid=1 in lookaside.
    %ix/load 0, 1, 0;
    %ix/load 1, 2, 0;
    %assign/v0/x1 v0x1d114d0_0, 0, 8;
    %ix/load 1, 2, 0;
    %mov 4, 0, 1;
    %jmp/1 T_8.4, 4;
    %load/x1p 8, v0x1d114d0_0, 1;
    %jmp T_8.5;
T_8.4 ;
    %mov 8, 2, 1;
T_8.5 ;
; Save base=8 wid=1 in lookaside.
    %ix/load 0, 1, 0;
    %ix/load 1, 1, 0;
    %assign/v0/x1 v0x1d114d0_0, 0, 8;
    %ix/load 1, 1, 0;
    %mov 4, 0, 1;
    %jmp/1 T_8.6, 4;
    %load/x1p 8, v0x1d114d0_0, 1;
    %jmp T_8.7;
T_8.6 ;
    %mov 8, 2, 1;
T_8.7 ;
; Save base=8 wid=1 in lookaside.
    %ix/load 0, 1, 0;
    %ix/load 1, 0, 0;
    %assign/v0/x1 v0x1d114d0_0, 0, 8;
    %jmp T_8;
    .thread T_8;
    .scope S_0x1d11250;
T_9 ;
    %set/v v0x1d114d0_0, 0, 5;
    %end;
    .thread T_9;
    .scope S_0x1d10f70;
T_10 ;
    %wait E_0x1ccd940;
    %load/v 8, v0x1d11060_0, 1;
    %ix/load 0, 1, 0;
    %ix/load 1, 4, 0;
    %assign/v0/x1 v0x1d111d0_0, 0, 8;
    %ix/load 1, 4, 0;
    %mov 4, 0, 1;
    %jmp/1 T_10.0, 4;
    %load/x1p 8, v0x1d111d0_0, 1;
    %jmp T_10.1;
T_10.0 ;
    %mov 8, 2, 1;
T_10.1 ;
; Save base=8 wid=1 in lookaside.
    %ix/load 0, 1, 0;
    %ix/load 1, 3, 0;
    %assign/v0/x1 v0x1d111d0_0, 0, 8;
    %ix/load 1, 3, 0;
    %mov 4, 0, 1;
    %jmp/1 T_10.2, 4;
    %load/x1p 8, v0x1d111d0_0, 1;
    %jmp T_10.3;
T_10.2 ;
    %mov 8, 2, 1;
T_10.3 ;
; Save base=8 wid=1 in lookaside.
    %ix/load 0, 1, 0;
    %ix/load 1, 2, 0;
    %assign/v0/x1 v0x1d111d0_0, 0, 8;
    %ix/load 1, 2, 0;
    %mov 4, 0, 1;
    %jmp/1 T_10.4, 4;
    %load/x1p 8, v0x1d111d0_0, 1;
    %jmp T_10.5;
T_10.4 ;
    %mov 8, 2, 1;
T_10.5 ;
; Save base=8 wid=1 in lookaside.
    %ix/load 0, 1, 0;
    %ix/load 1, 1, 0;
    %assign/v0/x1 v0x1d111d0_0, 0, 8;
    %ix/load 1, 1, 0;
    %mov 4, 0, 1;
    %jmp/1 T_10.6, 4;
    %load/x1p 8, v0x1d111d0_0, 1;
    %jmp T_10.7;
T_10.6 ;
    %mov 8, 2, 1;
T_10.7 ;
; Save base=8 wid=1 in lookaside.
    %ix/load 0, 1, 0;
    %ix/load 1, 0, 0;
    %assign/v0/x1 v0x1d111d0_0, 0, 8;
    %jmp T_10;
    .thread T_10;
    .scope S_0x1d10f70;
T_11 ;
    %set/v v0x1d111d0_0, 0, 5;
    %end;
    .thread T_11;
    .scope S_0x1cdb1a0;
T_12 ;
    %wait E_0x1ccd940;
    %load/v 8, v0x1cd2320_0, 1;
    %ix/load 0, 1, 0;
    %ix/load 1, 4, 0;
    %assign/v0/x1 v0x1d10ed0_0, 0, 8;
    %ix/load 1, 4, 0;
    %mov 4, 0, 1;
    %jmp/1 T_12.0, 4;
    %load/x1p 8, v0x1d10ed0_0, 1;
    %jmp T_12.1;
T_12.0 ;
    %mov 8, 2, 1;
T_12.1 ;
; Save base=8 wid=1 in lookaside.
    %ix/load 0, 1, 0;
    %ix/load 1, 3, 0;
    %assign/v0/x1 v0x1d10ed0_0, 0, 8;
    %ix/load 1, 3, 0;
    %mov 4, 0, 1;
    %jmp/1 T_12.2, 4;
    %load/x1p 8, v0x1d10ed0_0, 1;
    %jmp T_12.3;
T_12.2 ;
    %mov 8, 2, 1;
T_12.3 ;
; Save base=8 wid=1 in lookaside.
    %ix/load 0, 1, 0;
    %ix/load 1, 2, 0;
    %assign/v0/x1 v0x1d10ed0_0, 0, 8;
    %ix/load 1, 2, 0;
    %mov 4, 0, 1;
    %jmp/1 T_12.4, 4;
    %load/x1p 8, v0x1d10ed0_0, 1;
    %jmp T_12.5;
T_12.4 ;
    %mov 8, 2, 1;
T_12.5 ;
; Save base=8 wid=1 in lookaside.
    %ix/load 0, 1, 0;
    %ix/load 1, 1, 0;
    %assign/v0/x1 v0x1d10ed0_0, 0, 8;
    %ix/load 1, 1, 0;
    %mov 4, 0, 1;
    %jmp/1 T_12.6, 4;
    %load/x1p 8, v0x1d10ed0_0, 1;
    %jmp T_12.7;
T_12.6 ;
    %mov 8, 2, 1;
T_12.7 ;
; Save base=8 wid=1 in lookaside.
    %ix/load 0, 1, 0;
    %ix/load 1, 0, 0;
    %assign/v0/x1 v0x1d10ed0_0, 0, 8;
    %jmp T_12;
    .thread T_12;
    .scope S_0x1cdb1a0;
T_13 ;
    %set/v v0x1d10ed0_0, 0, 5;
    %end;
    .thread T_13;
    .scope S_0x1cdba10;
T_14 ;
    %vpi_call 2 14 "$display", "Enter the 1st 5 letters in your fullname (e.g., Weide): ";
    %vpi_func 2 15 "$fgetc", 8, 32, P_0x1ceb828;
   %ix/load 1, 0, 0;
   %ix/load 3, 0, 0;
   %set/av v0x1d14d50, 8, 7;
    %vpi_func 2 16 "$fgetc", 8, 32, P_0x1ceb828;
   %ix/load 1, 0, 0;
   %ix/load 3, 1, 0;
   %set/av v0x1d14d50, 8, 7;
    %vpi_func 2 17 "$fgetc", 8, 32, P_0x1ceb828;
   %ix/load 1, 0, 0;
   %ix/load 3, 2, 0;
   %set/av v0x1d14d50, 8, 7;
    %vpi_func 2 18 "$fgetc", 8, 32, P_0x1ceb828;
   %ix/load 1, 0, 0;
   %ix/load 3, 3, 0;
   %set/av v0x1d14d50, 8, 7;
    %vpi_func 2 19 "$fgetc", 8, 32, P_0x1ceb828;
   %ix/load 1, 0, 0;
   %ix/load 3, 4, 0;
   %set/av v0x1d14d50, 8, 7;
    %vpi_func 2 20 "$fgetc", 8, 32, P_0x1ceb828;
   %ix/load 1, 0, 0;
   %ix/load 3, 5, 0;
   %set/av v0x1d14d50, 8, 7;
    %vpi_call 2 22 "$display", "Time clk    ascii       match";
    %vpi_call 2 23 "$monitor", "%4d   %b    %c %b   %b", $time, v0x1d148b0_0, v0x1d14810_0, v0x1d14810_0, v0x1d11a70_0;
    %set/v v0x1d148b0_0, 0, 1;
    %ix/load 3, 0, 0;
    %mov 4, 0, 1;
    %load/av 8, v0x1d14d50, 7;
    %set/v v0x1d14810_0, 8, 7;
    %delay 1, 0;
    %set/v v0x1d148b0_0, 1, 1;
    %delay 1, 0;
    %set/v v0x1d148b0_0, 0, 1;
    %ix/load 3, 1, 0;
    %mov 4, 0, 1;
    %load/av 8, v0x1d14d50, 7;
    %set/v v0x1d14810_0, 8, 7;
    %delay 1, 0;
    %set/v v0x1d148b0_0, 1, 1;
    %delay 1, 0;
    %set/v v0x1d148b0_0, 0, 1;
    %ix/load 3, 2, 0;
    %mov 4, 0, 1;
    %load/av 8, v0x1d14d50, 7;
    %set/v v0x1d14810_0, 8, 7;
    %delay 1, 0;
    %set/v v0x1d148b0_0, 1, 1;
    %delay 1, 0;
    %set/v v0x1d148b0_0, 0, 1;
    %ix/load 3, 3, 0;
    %mov 4, 0, 1;
    %load/av 8, v0x1d14d50, 7;
    %set/v v0x1d14810_0, 8, 7;
    %delay 1, 0;
    %set/v v0x1d148b0_0, 1, 1;
    %delay 1, 0;
    %set/v v0x1d148b0_0, 0, 1;
    %ix/load 3, 4, 0;
    %mov 4, 0, 1;
    %load/av 8, v0x1d14d50, 7;
    %set/v v0x1d14810_0, 8, 7;
    %delay 1, 0;
    %set/v v0x1d148b0_0, 1, 1;
    %delay 1, 0;
    %set/v v0x1d148b0_0, 0, 1;
    %end;
    .thread T_14;
# The file index is used to find the file name in the following table.
:file_names 3;
    "N/A";
    "<interactive>";
    "name-recog.v";
